2021-11-21 14:09:17.885  INFO 28204 --- [main] c.s.alerts.SafetyNetAlertsApplication    : Starting SafetyNetAlertsApplication using Java 17 on DESKTOP-2B57NSB with PID 28204 (C:\Users\simon\Documents\workspace-spring-tools\SafetyNet-Alerts\target\classes started by simon in C:\Users\simon\Documents\workspace-spring-tools\SafetyNet-Alerts)
2021-11-21 14:09:17.887  INFO 28204 --- [main] c.s.alerts.SafetyNetAlertsApplication    : No active profile set, falling back to default profiles: default
2021-11-21 14:09:19.042  INFO 28204 --- [main] o.s.b.w.embedded.tomcat.TomcatWebServer  : Tomcat initialized with port(s): 8080 (http)
2021-11-21 14:09:19.058  INFO 28204 --- [main] o.apache.catalina.core.StandardService   : Starting service [Tomcat]
2021-11-21 14:09:19.058  INFO 28204 --- [main] org.apache.catalina.core.StandardEngine  : Starting Servlet engine: [Apache Tomcat/9.0.54]
2021-11-21 14:09:19.126  INFO 28204 --- [main] o.a.c.c.C.[Tomcat].[localhost].[/]       : Initializing Spring embedded WebApplicationContext
2021-11-21 14:09:19.126  INFO 28204 --- [main] w.s.c.ServletWebServerApplicationContext : Root WebApplicationContext: initialization completed in 1205 ms
2021-11-21 14:09:19.932  INFO 28204 --- [main] o.s.b.a.e.web.EndpointLinksResolver      : Exposing 4 endpoint(s) beneath base path '/actuator'
2021-11-21 14:09:20.154  INFO 28204 --- [main] o.s.b.a.w.s.WelcomePageHandlerMapping    : Adding welcome page template: index
2021-11-21 14:09:20.472  INFO 28204 --- [main] o.s.b.w.embedded.tomcat.TomcatWebServer  : Tomcat started on port(s): 8080 (http) with context path ''
2021-11-21 14:09:20.858  INFO 28204 --- [main] c.s.alerts.SafetyNetAlertsApplication    : Started SafetyNetAlertsApplication in 3.251 seconds (JVM running for 3.526)
2021-11-21 14:09:32.406  INFO 28204 --- [http-nio-8080-exec-1] o.a.c.c.C.[Tomcat].[localhost].[/]       : Initializing Spring DispatcherServlet 'dispatcherServlet'
2021-11-21 14:09:32.406  INFO 28204 --- [http-nio-8080-exec-1] o.s.web.servlet.DispatcherServlet        : Initializing Servlet 'dispatcherServlet'
2021-11-21 14:09:32.407  INFO 28204 --- [http-nio-8080-exec-1] o.s.web.servlet.DispatcherServlet        : Completed initialization in 1 ms
2021-11-21 14:20:27.508  INFO 35416 --- [main] c.s.alerts.SafetyNetAlertsApplication    : Starting SafetyNetAlertsApplication using Java 17 on DESKTOP-2B57NSB with PID 35416 (C:\Users\simon\Documents\workspace-spring-tools\SafetyNet-Alerts\target\classes started by simon in C:\Users\simon\Documents\workspace-spring-tools\SafetyNet-Alerts)
2021-11-21 14:20:27.510  INFO 35416 --- [main] c.s.alerts.SafetyNetAlertsApplication    : No active profile set, falling back to default profiles: default
2021-11-21 14:20:28.796  INFO 35416 --- [main] o.s.b.w.embedded.tomcat.TomcatWebServer  : Tomcat initialized with port(s): 8080 (http)
2021-11-21 14:20:28.803  INFO 35416 --- [main] o.apache.catalina.core.StandardService   : Starting service [Tomcat]
2021-11-21 14:20:28.803  INFO 35416 --- [main] org.apache.catalina.core.StandardEngine  : Starting Servlet engine: [Apache Tomcat/9.0.54]
2021-11-21 14:20:28.874  INFO 35416 --- [main] o.a.c.c.C.[Tomcat].[localhost].[/]       : Initializing Spring embedded WebApplicationContext
2021-11-21 14:20:28.875  INFO 35416 --- [main] w.s.c.ServletWebServerApplicationContext : Root WebApplicationContext: initialization completed in 1332 ms
2021-11-21 14:20:29.791  INFO 35416 --- [main] o.s.b.a.e.web.EndpointLinksResolver      : Exposing 4 endpoint(s) beneath base path '/actuator'
2021-11-21 14:20:30.054  INFO 35416 --- [main] o.s.b.a.w.s.WelcomePageHandlerMapping    : Adding welcome page template: index
2021-11-21 14:20:30.372  INFO 35416 --- [main] o.s.b.w.embedded.tomcat.TomcatWebServer  : Tomcat started on port(s): 8080 (http) with context path ''
2021-11-21 14:20:30.764  INFO 35416 --- [main] c.s.alerts.SafetyNetAlertsApplication    : Started SafetyNetAlertsApplication in 3.531 seconds (JVM running for 3.804)
2021-11-21 14:20:34.777  INFO 35416 --- [http-nio-8080-exec-1] o.a.c.c.C.[Tomcat].[localhost].[/]       : Initializing Spring DispatcherServlet 'dispatcherServlet'
2021-11-21 14:20:34.778  INFO 35416 --- [http-nio-8080-exec-1] o.s.web.servlet.DispatcherServlet        : Initializing Servlet 'dispatcherServlet'
2021-11-21 14:20:34.779  INFO 35416 --- [http-nio-8080-exec-1] o.s.web.servlet.DispatcherServlet        : Completed initialization in 1 ms
2021-11-21 14:26:44.846  INFO 41444 --- [main] c.s.alerts.SafetyNetAlertsApplication    : Starting SafetyNetAlertsApplication using Java 17 on DESKTOP-2B57NSB with PID 41444 (C:\Users\simon\Documents\workspace-spring-tools\SafetyNet-Alerts\target\classes started by simon in C:\Users\simon\Documents\workspace-spring-tools\SafetyNet-Alerts)
2021-11-21 14:26:44.848  INFO 41444 --- [main] c.s.alerts.SafetyNetAlertsApplication    : No active profile set, falling back to default profiles: default
2021-11-21 14:26:45.996  INFO 41444 --- [main] o.s.b.w.embedded.tomcat.TomcatWebServer  : Tomcat initialized with port(s): 8080 (http)
2021-11-21 14:26:46.003  INFO 41444 --- [main] o.apache.catalina.core.StandardService   : Starting service [Tomcat]
2021-11-21 14:26:46.004  INFO 41444 --- [main] org.apache.catalina.core.StandardEngine  : Starting Servlet engine: [Apache Tomcat/9.0.54]
2021-11-21 14:26:46.075  INFO 41444 --- [main] o.a.c.c.C.[Tomcat].[localhost].[/]       : Initializing Spring embedded WebApplicationContext
2021-11-21 14:26:46.075  INFO 41444 --- [main] w.s.c.ServletWebServerApplicationContext : Root WebApplicationContext: initialization completed in 1187 ms
2021-11-21 14:26:46.859  INFO 41444 --- [main] o.s.b.a.e.web.EndpointLinksResolver      : Exposing 4 endpoint(s) beneath base path '/actuator'
2021-11-21 14:26:47.090  INFO 41444 --- [main] o.s.b.a.w.s.WelcomePageHandlerMapping    : Adding welcome page template: index
2021-11-21 14:26:47.418  INFO 41444 --- [main] o.s.b.w.embedded.tomcat.TomcatWebServer  : Tomcat started on port(s): 8080 (http) with context path ''
2021-11-21 14:26:47.801  INFO 41444 --- [main] c.s.alerts.SafetyNetAlertsApplication    : Started SafetyNetAlertsApplication in 3.302 seconds (JVM running for 3.599)
2021-11-21 14:29:12.865  INFO 44792 --- [main] c.s.alerts.SafetyNetAlertsApplication    : Starting SafetyNetAlertsApplication using Java 17 on DESKTOP-2B57NSB with PID 44792 (C:\Users\simon\Documents\workspace-spring-tools\SafetyNet-Alerts\target\classes started by simon in C:\Users\simon\Documents\workspace-spring-tools\SafetyNet-Alerts)
2021-11-21 14:29:12.867  INFO 44792 --- [main] c.s.alerts.SafetyNetAlertsApplication    : No active profile set, falling back to default profiles: default
2021-11-21 14:29:14.025  INFO 44792 --- [main] o.s.b.w.embedded.tomcat.TomcatWebServer  : Tomcat initialized with port(s): 8080 (http)
2021-11-21 14:29:14.032  INFO 44792 --- [main] o.apache.catalina.core.StandardService   : Starting service [Tomcat]
2021-11-21 14:29:14.033  INFO 44792 --- [main] org.apache.catalina.core.StandardEngine  : Starting Servlet engine: [Apache Tomcat/9.0.54]
2021-11-21 14:29:14.105  INFO 44792 --- [main] o.a.c.c.C.[Tomcat].[localhost].[/]       : Initializing Spring embedded WebApplicationContext
2021-11-21 14:29:14.106  INFO 44792 --- [main] w.s.c.ServletWebServerApplicationContext : Root WebApplicationContext: initialization completed in 1204 ms
2021-11-21 14:29:14.982  INFO 44792 --- [main] o.s.b.a.e.web.EndpointLinksResolver      : Exposing 4 endpoint(s) beneath base path '/actuator'
2021-11-21 14:29:15.231  INFO 44792 --- [main] o.s.b.a.w.s.WelcomePageHandlerMapping    : Adding welcome page template: index
2021-11-21 14:29:15.607  INFO 44792 --- [main] o.s.b.w.embedded.tomcat.TomcatWebServer  : Tomcat started on port(s): 8080 (http) with context path ''
2021-11-21 14:29:15.656  INFO 44792 --- [http-nio-8080-exec-1] o.a.c.c.C.[Tomcat].[localhost].[/]       : Initializing Spring DispatcherServlet 'dispatcherServlet'
2021-11-21 14:29:15.657  INFO 44792 --- [http-nio-8080-exec-1] o.s.web.servlet.DispatcherServlet        : Initializing Servlet 'dispatcherServlet'
2021-11-21 14:29:15.658  INFO 44792 --- [http-nio-8080-exec-1] o.s.web.servlet.DispatcherServlet        : Completed initialization in 1 ms
2021-11-21 14:29:15.684  WARN 44792 --- [http-nio-8080-exec-1] s.d.s.web.Swagger2ControllerWebMvc       : Unable to find specification for group default
2021-11-21 14:29:16.000  INFO 44792 --- [main] c.s.alerts.SafetyNetAlertsApplication    : Started SafetyNetAlertsApplication in 3.417 seconds (JVM running for 3.693)
2021-11-21 14:36:04.757  INFO 36200 --- [main] c.s.a.p.c.FirestationControllerTest      : Starting FirestationControllerTest using Java 17 on DESKTOP-2B57NSB with PID 36200 (started by simon in C:\Users\simon\Documents\workspace-spring-tools\SafetyNet-Alerts)
2021-11-21 14:36:04.759  INFO 36200 --- [main] c.s.a.p.c.FirestationControllerTest      : No active profile set, falling back to default profiles: default
2021-11-21 14:36:05.953  INFO 36200 --- [main] o.s.b.a.w.s.WelcomePageHandlerMapping    : Adding welcome page template: index
2021-11-21 14:36:06.153  INFO 36200 --- [main] o.s.b.t.m.w.SpringBootMockServletContext : Initializing Spring TestDispatcherServlet ''
2021-11-21 14:36:06.154  INFO 36200 --- [main] o.s.t.web.servlet.TestDispatcherServlet  : Initializing Servlet ''
2021-11-21 14:36:06.155  INFO 36200 --- [main] o.s.t.web.servlet.TestDispatcherServlet  : Completed initialization in 1 ms
2021-11-21 14:36:06.324  INFO 36200 --- [main] c.s.a.p.c.FirestationControllerTest      : Started FirestationControllerTest in 1.832 seconds (JVM running for 3.173)
2021-11-21 14:36:06.463  INFO 36200 --- [main] .b.t.a.w.s.WebMvcTestContextBootstrapper : Neither @ContextConfiguration nor @ContextHierarchy found for test class [com.safetynet.alerts.presentation.controller.GetMappingControllerTest], using SpringBootContextLoader
2021-11-21 14:36:06.464  INFO 36200 --- [main] o.s.t.c.support.AbstractContextLoader    : Could not detect default resource locations for test class [com.safetynet.alerts.presentation.controller.GetMappingControllerTest]: no resource found for suffixes {-context.xml, Context.groovy}.
2021-11-21 14:36:06.464  INFO 36200 --- [main] t.c.s.AnnotationConfigContextLoaderUtils : Could not detect default configuration classes for test class [com.safetynet.alerts.presentation.controller.GetMappingControllerTest]: GetMappingControllerTest does not declare any static, non-private, non-final, nested classes annotated with @Configuration.
2021-11-21 14:36:06.465  INFO 36200 --- [main] .b.t.c.SpringBootTestContextBootstrapper : Found @SpringBootConfiguration com.safetynet.alerts.SafetyNetAlertsApplication for test class com.safetynet.alerts.presentation.controller.GetMappingControllerTest
2021-11-21 14:36:06.466  INFO 36200 --- [main] .b.t.a.w.s.WebMvcTestContextBootstrapper : Loaded default TestExecutionListener class names from location [META-INF/spring.factories]: [org.springframework.boot.test.mock.mockito.MockitoTestExecutionListener, org.springframework.boot.test.mock.mockito.ResetMocksTestExecutionListener, org.springframework.boot.test.autoconfigure.restdocs.RestDocsTestExecutionListener, org.springframework.boot.test.autoconfigure.web.client.MockRestServiceServerResetTestExecutionListener, org.springframework.boot.test.autoconfigure.web.servlet.MockMvcPrintOnlyOnFailureTestExecutionListener, org.springframework.boot.test.autoconfigure.web.servlet.WebDriverTestExecutionListener, org.springframework.boot.test.autoconfigure.webservices.client.MockWebServiceServerTestExecutionListener, org.springframework.test.context.web.ServletTestExecutionListener, org.springframework.test.context.support.DirtiesContextBeforeModesTestExecutionListener, org.springframework.test.context.event.ApplicationEventsTestExecutionListener, org.springframework.test.context.support.DependencyInjectionTestExecutionListener, org.springframework.test.context.support.DirtiesContextTestExecutionListener, org.springframework.test.context.transaction.TransactionalTestExecutionListener, org.springframework.test.context.jdbc.SqlScriptsTestExecutionListener, org.springframework.test.context.event.EventPublishingTestExecutionListener]
2021-11-21 14:36:06.466  INFO 36200 --- [main] .b.t.a.w.s.WebMvcTestContextBootstrapper : Using TestExecutionListeners: [org.springframework.test.context.web.ServletTestExecutionListener@35af1558, org.springframework.test.context.support.DirtiesContextBeforeModesTestExecutionListener@2361365c, org.springframework.test.context.event.ApplicationEventsTestExecutionListener@59b853aa, org.springframework.boot.test.mock.mockito.MockitoTestExecutionListener@4ab90d01, org.springframework.boot.test.autoconfigure.SpringBootDependencyInjectionTestExecutionListener@771d4db, org.springframework.test.context.support.DirtiesContextTestExecutionListener@2d88c1bf, org.springframework.test.context.transaction.TransactionalTestExecutionListener@3636f2a7, org.springframework.test.context.jdbc.SqlScriptsTestExecutionListener@34652065, org.springframework.test.context.event.EventPublishingTestExecutionListener@3dbbed3e, org.springframework.boot.test.mock.mockito.ResetMocksTestExecutionListener@56d5460f, org.springframework.boot.test.autoconfigure.restdocs.RestDocsTestExecutionListener@57f725b8, org.springframework.boot.test.autoconfigure.web.client.MockRestServiceServerResetTestExecutionListener@4a0c512b, org.springframework.boot.test.autoconfigure.web.servlet.MockMvcPrintOnlyOnFailureTestExecutionListener@28bc9749, org.springframework.boot.test.autoconfigure.web.servlet.WebDriverTestExecutionListener@54a5496f, org.springframework.boot.test.autoconfigure.webservices.client.MockWebServiceServerTestExecutionListener@3a116ca6]
2021-11-21 14:36:06.485  INFO 36200 --- [main] c.s.a.p.c.GetMappingControllerTest       : Starting GetMappingControllerTest using Java 17 on DESKTOP-2B57NSB with PID 36200 (started by simon in C:\Users\simon\Documents\workspace-spring-tools\SafetyNet-Alerts)
2021-11-21 14:36:06.486  INFO 36200 --- [main] c.s.a.p.c.GetMappingControllerTest       : No active profile set, falling back to default profiles: default
2021-11-21 14:36:06.932  INFO 36200 --- [main] o.s.b.a.w.s.WelcomePageHandlerMapping    : Adding welcome page template: index
2021-11-21 14:36:07.029  INFO 36200 --- [main] o.s.b.t.m.w.SpringBootMockServletContext : Initializing Spring TestDispatcherServlet ''
2021-11-21 14:36:07.029  INFO 36200 --- [main] o.s.t.web.servlet.TestDispatcherServlet  : Initializing Servlet ''
2021-11-21 14:36:07.030  INFO 36200 --- [main] o.s.t.web.servlet.TestDispatcherServlet  : Completed initialization in 0 ms
2021-11-21 14:36:07.077  INFO 36200 --- [main] c.s.a.p.c.GetMappingControllerTest       : Started GetMappingControllerTest in 0.609 seconds (JVM running for 3.926)
2021-11-21 14:36:07.190  INFO 36200 --- [main] .b.t.a.w.s.WebMvcTestContextBootstrapper : Neither @ContextConfiguration nor @ContextHierarchy found for test class [com.safetynet.alerts.presentation.controller.MedicalRecordControllerTest], using SpringBootContextLoader
2021-11-21 14:36:07.190  INFO 36200 --- [main] o.s.t.c.support.AbstractContextLoader    : Could not detect default resource locations for test class [com.safetynet.alerts.presentation.controller.MedicalRecordControllerTest]: no resource found for suffixes {-context.xml, Context.groovy}.
2021-11-21 14:36:07.190  INFO 36200 --- [main] t.c.s.AnnotationConfigContextLoaderUtils : Could not detect default configuration classes for test class [com.safetynet.alerts.presentation.controller.MedicalRecordControllerTest]: MedicalRecordControllerTest does not declare any static, non-private, non-final, nested classes annotated with @Configuration.
2021-11-21 14:36:07.192  INFO 36200 --- [main] .b.t.c.SpringBootTestContextBootstrapper : Found @SpringBootConfiguration com.safetynet.alerts.SafetyNetAlertsApplication for test class com.safetynet.alerts.presentation.controller.MedicalRecordControllerTest
2021-11-21 14:36:07.193  INFO 36200 --- [main] .b.t.a.w.s.WebMvcTestContextBootstrapper : Loaded default TestExecutionListener class names from location [META-INF/spring.factories]: [org.springframework.boot.test.mock.mockito.MockitoTestExecutionListener, org.springframework.boot.test.mock.mockito.ResetMocksTestExecutionListener, org.springframework.boot.test.autoconfigure.restdocs.RestDocsTestExecutionListener, org.springframework.boot.test.autoconfigure.web.client.MockRestServiceServerResetTestExecutionListener, org.springframework.boot.test.autoconfigure.web.servlet.MockMvcPrintOnlyOnFailureTestExecutionListener, org.springframework.boot.test.autoconfigure.web.servlet.WebDriverTestExecutionListener, org.springframework.boot.test.autoconfigure.webservices.client.MockWebServiceServerTestExecutionListener, org.springframework.test.context.web.ServletTestExecutionListener, org.springframework.test.context.support.DirtiesContextBeforeModesTestExecutionListener, org.springframework.test.context.event.ApplicationEventsTestExecutionListener, org.springframework.test.context.support.DependencyInjectionTestExecutionListener, org.springframework.test.context.support.DirtiesContextTestExecutionListener, org.springframework.test.context.transaction.TransactionalTestExecutionListener, org.springframework.test.context.jdbc.SqlScriptsTestExecutionListener, org.springframework.test.context.event.EventPublishingTestExecutionListener]
2021-11-21 14:36:07.193  INFO 36200 --- [main] .b.t.a.w.s.WebMvcTestContextBootstrapper : Using TestExecutionListeners: [org.springframework.test.context.web.ServletTestExecutionListener@6f89ad03, org.springframework.test.context.support.DirtiesContextBeforeModesTestExecutionListener@f287a4e, org.springframework.test.context.event.ApplicationEventsTestExecutionListener@3879feec, org.springframework.boot.test.mock.mockito.MockitoTestExecutionListener@71d2261e, org.springframework.boot.test.autoconfigure.SpringBootDependencyInjectionTestExecutionListener@53917c92, org.springframework.test.context.support.DirtiesContextTestExecutionListener@1fa796a4, org.springframework.test.context.transaction.TransactionalTestExecutionListener@68de8522, org.springframework.test.context.jdbc.SqlScriptsTestExecutionListener@8dcacf1, org.springframework.test.context.event.EventPublishingTestExecutionListener@50f13494, org.springframework.boot.test.mock.mockito.ResetMocksTestExecutionListener@73c09a98, org.springframework.boot.test.autoconfigure.restdocs.RestDocsTestExecutionListener@6f2bf657, org.springframework.boot.test.autoconfigure.web.client.MockRestServiceServerResetTestExecutionListener@27d6467, org.springframework.boot.test.autoconfigure.web.servlet.MockMvcPrintOnlyOnFailureTestExecutionListener@5bf1b528, org.springframework.boot.test.autoconfigure.web.servlet.WebDriverTestExecutionListener@2c92f094, org.springframework.boot.test.autoconfigure.webservices.client.MockWebServiceServerTestExecutionListener@1c3b221f]
2021-11-21 14:36:07.209  INFO 36200 --- [main] c.s.a.p.c.MedicalRecordControllerTest    : Starting MedicalRecordControllerTest using Java 17 on DESKTOP-2B57NSB with PID 36200 (started by simon in C:\Users\simon\Documents\workspace-spring-tools\SafetyNet-Alerts)
2021-11-21 14:36:07.210  INFO 36200 --- [main] c.s.a.p.c.MedicalRecordControllerTest    : No active profile set, falling back to default profiles: default
2021-11-21 14:36:07.628  INFO 36200 --- [main] o.s.b.a.w.s.WelcomePageHandlerMapping    : Adding welcome page template: index
2021-11-21 14:36:07.720  INFO 36200 --- [main] o.s.b.t.m.w.SpringBootMockServletContext : Initializing Spring TestDispatcherServlet ''
2021-11-21 14:36:07.720  INFO 36200 --- [main] o.s.t.web.servlet.TestDispatcherServlet  : Initializing Servlet ''
2021-11-21 14:36:07.720  INFO 36200 --- [main] o.s.t.web.servlet.TestDispatcherServlet  : Completed initialization in 0 ms
2021-11-21 14:36:07.758  INFO 36200 --- [main] c.s.a.p.c.MedicalRecordControllerTest    : Started MedicalRecordControllerTest in 0.563 seconds (JVM running for 4.607)
2021-11-21 14:36:07.801  INFO 36200 --- [main] .b.t.a.w.s.WebMvcTestContextBootstrapper : Neither @ContextConfiguration nor @ContextHierarchy found for test class [com.safetynet.alerts.presentation.controller.PersonControllerTest], using SpringBootContextLoader
2021-11-21 14:36:07.802  INFO 36200 --- [main] o.s.t.c.support.AbstractContextLoader    : Could not detect default resource locations for test class [com.safetynet.alerts.presentation.controller.PersonControllerTest]: no resource found for suffixes {-context.xml, Context.groovy}.
2021-11-21 14:36:07.802  INFO 36200 --- [main] t.c.s.AnnotationConfigContextLoaderUtils : Could not detect default configuration classes for test class [com.safetynet.alerts.presentation.controller.PersonControllerTest]: PersonControllerTest does not declare any static, non-private, non-final, nested classes annotated with @Configuration.
2021-11-21 14:36:07.803  INFO 36200 --- [main] .b.t.c.SpringBootTestContextBootstrapper : Found @SpringBootConfiguration com.safetynet.alerts.SafetyNetAlertsApplication for test class com.safetynet.alerts.presentation.controller.PersonControllerTest
2021-11-21 14:36:07.804  INFO 36200 --- [main] .b.t.a.w.s.WebMvcTestContextBootstrapper : Loaded default TestExecutionListener class names from location [META-INF/spring.factories]: [org.springframework.boot.test.mock.mockito.MockitoTestExecutionListener, org.springframework.boot.test.mock.mockito.ResetMocksTestExecutionListener, org.springframework.boot.test.autoconfigure.restdocs.RestDocsTestExecutionListener, org.springframework.boot.test.autoconfigure.web.client.MockRestServiceServerResetTestExecutionListener, org.springframework.boot.test.autoconfigure.web.servlet.MockMvcPrintOnlyOnFailureTestExecutionListener, org.springframework.boot.test.autoconfigure.web.servlet.WebDriverTestExecutionListener, org.springframework.boot.test.autoconfigure.webservices.client.MockWebServiceServerTestExecutionListener, org.springframework.test.context.web.ServletTestExecutionListener, org.springframework.test.context.support.DirtiesContextBeforeModesTestExecutionListener, org.springframework.test.context.event.ApplicationEventsTestExecutionListener, org.springframework.test.context.support.DependencyInjectionTestExecutionListener, org.springframework.test.context.support.DirtiesContextTestExecutionListener, org.springframework.test.context.transaction.TransactionalTestExecutionListener, org.springframework.test.context.jdbc.SqlScriptsTestExecutionListener, org.springframework.test.context.event.EventPublishingTestExecutionListener]
2021-11-21 14:36:07.804  INFO 36200 --- [main] .b.t.a.w.s.WebMvcTestContextBootstrapper : Using TestExecutionListeners: [org.springframework.test.context.web.ServletTestExecutionListener@7e4dddee, org.springframework.test.context.support.DirtiesContextBeforeModesTestExecutionListener@183a84f4, org.springframework.test.context.event.ApplicationEventsTestExecutionListener@2b9bbaa8, org.springframework.boot.test.mock.mockito.MockitoTestExecutionListener@11771fd6, org.springframework.boot.test.autoconfigure.SpringBootDependencyInjectionTestExecutionListener@1c512bb, org.springframework.test.context.support.DirtiesContextTestExecutionListener@4d142b53, org.springframework.test.context.transaction.TransactionalTestExecutionListener@3bac86a3, org.springframework.test.context.jdbc.SqlScriptsTestExecutionListener@128ca7af, org.springframework.test.context.event.EventPublishingTestExecutionListener@3bf52f8f, org.springframework.boot.test.mock.mockito.ResetMocksTestExecutionListener@57d7c511, org.springframework.boot.test.autoconfigure.restdocs.RestDocsTestExecutionListener@811d8d6, org.springframework.boot.test.autoconfigure.web.client.MockRestServiceServerResetTestExecutionListener@7f57a7a4, org.springframework.boot.test.autoconfigure.web.servlet.MockMvcPrintOnlyOnFailureTestExecutionListener@6dcc7696, org.springframework.boot.test.autoconfigure.web.servlet.WebDriverTestExecutionListener@45ac973, org.springframework.boot.test.autoconfigure.webservices.client.MockWebServiceServerTestExecutionListener@28b7646]
2021-11-21 14:36:07.818  INFO 36200 --- [main] c.s.a.p.controller.PersonControllerTest  : Starting PersonControllerTest using Java 17 on DESKTOP-2B57NSB with PID 36200 (started by simon in C:\Users\simon\Documents\workspace-spring-tools\SafetyNet-Alerts)
2021-11-21 14:36:07.818  INFO 36200 --- [main] c.s.a.p.controller.PersonControllerTest  : No active profile set, falling back to default profiles: default
2021-11-21 14:36:08.197  INFO 36200 --- [main] o.s.b.a.w.s.WelcomePageHandlerMapping    : Adding welcome page template: index
2021-11-21 14:36:08.307  INFO 36200 --- [main] o.s.b.t.m.w.SpringBootMockServletContext : Initializing Spring TestDispatcherServlet ''
2021-11-21 14:36:08.307  INFO 36200 --- [main] o.s.t.web.servlet.TestDispatcherServlet  : Initializing Servlet ''
2021-11-21 14:36:08.308  INFO 36200 --- [main] o.s.t.web.servlet.TestDispatcherServlet  : Completed initialization in 1 ms
2021-11-21 14:36:08.345  INFO 36200 --- [main] c.s.a.p.controller.PersonControllerTest  : Started PersonControllerTest in 0.539 seconds (JVM running for 5.193)
2021-11-21 14:36:08.390  INFO 36200 --- [main] .b.t.c.SpringBootTestContextBootstrapper : Neither @ContextConfiguration nor @ContextHierarchy found for test class [com.safetynet.alerts.SafetyNetAlertsApplicationTests], using SpringBootContextLoader
2021-11-21 14:36:08.391  INFO 36200 --- [main] o.s.t.c.support.AbstractContextLoader    : Could not detect default resource locations for test class [com.safetynet.alerts.SafetyNetAlertsApplicationTests]: no resource found for suffixes {-context.xml, Context.groovy}.
2021-11-21 14:36:08.391  INFO 36200 --- [main] t.c.s.AnnotationConfigContextLoaderUtils : Could not detect default configuration classes for test class [com.safetynet.alerts.SafetyNetAlertsApplicationTests]: SafetyNetAlertsApplicationTests does not declare any static, non-private, non-final, nested classes annotated with @Configuration.
2021-11-21 14:36:08.394  INFO 36200 --- [main] .b.t.c.SpringBootTestContextBootstrapper : Found @SpringBootConfiguration com.safetynet.alerts.SafetyNetAlertsApplication for test class com.safetynet.alerts.SafetyNetAlertsApplicationTests
2021-11-21 14:36:08.397  INFO 36200 --- [main] .b.t.c.SpringBootTestContextBootstrapper : Loaded default TestExecutionListener class names from location [META-INF/spring.factories]: [org.springframework.boot.test.mock.mockito.MockitoTestExecutionListener, org.springframework.boot.test.mock.mockito.ResetMocksTestExecutionListener, org.springframework.boot.test.autoconfigure.restdocs.RestDocsTestExecutionListener, org.springframework.boot.test.autoconfigure.web.client.MockRestServiceServerResetTestExecutionListener, org.springframework.boot.test.autoconfigure.web.servlet.MockMvcPrintOnlyOnFailureTestExecutionListener, org.springframework.boot.test.autoconfigure.web.servlet.WebDriverTestExecutionListener, org.springframework.boot.test.autoconfigure.webservices.client.MockWebServiceServerTestExecutionListener, org.springframework.test.context.web.ServletTestExecutionListener, org.springframework.test.context.support.DirtiesContextBeforeModesTestExecutionListener, org.springframework.test.context.event.ApplicationEventsTestExecutionListener, org.springframework.test.context.support.DependencyInjectionTestExecutionListener, org.springframework.test.context.support.DirtiesContextTestExecutionListener, org.springframework.test.context.transaction.TransactionalTestExecutionListener, org.springframework.test.context.jdbc.SqlScriptsTestExecutionListener, org.springframework.test.context.event.EventPublishingTestExecutionListener]
2021-11-21 14:36:08.397  INFO 36200 --- [main] .b.t.c.SpringBootTestContextBootstrapper : Using TestExecutionListeners: [org.springframework.test.context.web.ServletTestExecutionListener@68908be7, org.springframework.test.context.support.DirtiesContextBeforeModesTestExecutionListener@1aba8978, org.springframework.test.context.event.ApplicationEventsTestExecutionListener@2662e3ff, org.springframework.boot.test.mock.mockito.MockitoTestExecutionListener@487ee2a, org.springframework.boot.test.autoconfigure.SpringBootDependencyInjectionTestExecutionListener@682482ee, org.springframework.test.context.support.DirtiesContextTestExecutionListener@261b27db, org.springframework.test.context.transaction.TransactionalTestExecutionListener@175745fc, org.springframework.test.context.jdbc.SqlScriptsTestExecutionListener@2c1a0f82, org.springframework.test.context.event.EventPublishingTestExecutionListener@60e5db1d, org.springframework.boot.test.mock.mockito.ResetMocksTestExecutionListener@1f3f0d25, org.springframework.boot.test.autoconfigure.restdocs.RestDocsTestExecutionListener@32eac39b, org.springframework.boot.test.autoconfigure.web.client.MockRestServiceServerResetTestExecutionListener@4ef0bc5b, org.springframework.boot.test.autoconfigure.web.servlet.MockMvcPrintOnlyOnFailureTestExecutionListener@83bbab, org.springframework.boot.test.autoconfigure.web.servlet.WebDriverTestExecutionListener@67b2c8bb, org.springframework.boot.test.autoconfigure.webservices.client.MockWebServiceServerTestExecutionListener@32029cd]
2021-11-21 14:36:08.410  INFO 36200 --- [main] c.s.a.SafetyNetAlertsApplicationTests    : Starting SafetyNetAlertsApplicationTests using Java 17 on DESKTOP-2B57NSB with PID 36200 (started by simon in C:\Users\simon\Documents\workspace-spring-tools\SafetyNet-Alerts)
2021-11-21 14:36:08.411  INFO 36200 --- [main] c.s.a.SafetyNetAlertsApplicationTests    : No active profile set, falling back to default profiles: default
2021-11-21 14:36:09.389  INFO 36200 --- [main] o.s.b.a.e.web.EndpointLinksResolver      : Exposing 4 endpoint(s) beneath base path '/actuator'
2021-11-21 14:36:09.595  INFO 36200 --- [main] o.s.b.a.w.s.WelcomePageHandlerMapping    : Adding welcome page template: index
2021-11-21 14:36:09.959  INFO 36200 --- [main] c.s.a.SafetyNetAlertsApplicationTests    : Started SafetyNetAlertsApplicationTests in 1.561 seconds (JVM running for 6.808)
2021-11-21 14:40:31.884  INFO 8120 --- [main] c.s.a.p.c.FirestationControllerTest      : Starting FirestationControllerTest using Java 17 on DESKTOP-2B57NSB with PID 8120 (started by simon in C:\Users\simon\Documents\workspace-spring-tools\SafetyNet-Alerts)
2021-11-21 14:40:31.885  INFO 8120 --- [main] c.s.a.p.c.FirestationControllerTest      : No active profile set, falling back to default profiles: default
2021-11-21 14:40:33.059  INFO 8120 --- [main] o.s.b.a.w.s.WelcomePageHandlerMapping    : Adding welcome page template: index
2021-11-21 14:40:33.264  INFO 8120 --- [main] o.s.b.t.m.w.SpringBootMockServletContext : Initializing Spring TestDispatcherServlet ''
2021-11-21 14:40:33.264  INFO 8120 --- [main] o.s.t.web.servlet.TestDispatcherServlet  : Initializing Servlet ''
2021-11-21 14:40:33.266  INFO 8120 --- [main] o.s.t.web.servlet.TestDispatcherServlet  : Completed initialization in 2 ms
2021-11-21 14:40:33.454  INFO 8120 --- [main] c.s.a.p.c.FirestationControllerTest      : Started FirestationControllerTest in 1.833 seconds (JVM running for 3.055)
2021-11-21 14:40:33.595  INFO 8120 --- [main] .b.t.a.w.s.WebMvcTestContextBootstrapper : Neither @ContextConfiguration nor @ContextHierarchy found for test class [com.safetynet.alerts.presentation.controller.GetMappingControllerTest], using SpringBootContextLoader
2021-11-21 14:40:33.596  INFO 8120 --- [main] o.s.t.c.support.AbstractContextLoader    : Could not detect default resource locations for test class [com.safetynet.alerts.presentation.controller.GetMappingControllerTest]: no resource found for suffixes {-context.xml, Context.groovy}.
2021-11-21 14:40:33.596  INFO 8120 --- [main] t.c.s.AnnotationConfigContextLoaderUtils : Could not detect default configuration classes for test class [com.safetynet.alerts.presentation.controller.GetMappingControllerTest]: GetMappingControllerTest does not declare any static, non-private, non-final, nested classes annotated with @Configuration.
2021-11-21 14:40:33.597  INFO 8120 --- [main] .b.t.c.SpringBootTestContextBootstrapper : Found @SpringBootConfiguration com.safetynet.alerts.SafetyNetAlertsApplication for test class com.safetynet.alerts.presentation.controller.GetMappingControllerTest
2021-11-21 14:40:33.598  INFO 8120 --- [main] .b.t.a.w.s.WebMvcTestContextBootstrapper : Loaded default TestExecutionListener class names from location [META-INF/spring.factories]: [org.springframework.boot.test.mock.mockito.MockitoTestExecutionListener, org.springframework.boot.test.mock.mockito.ResetMocksTestExecutionListener, org.springframework.boot.test.autoconfigure.restdocs.RestDocsTestExecutionListener, org.springframework.boot.test.autoconfigure.web.client.MockRestServiceServerResetTestExecutionListener, org.springframework.boot.test.autoconfigure.web.servlet.MockMvcPrintOnlyOnFailureTestExecutionListener, org.springframework.boot.test.autoconfigure.web.servlet.WebDriverTestExecutionListener, org.springframework.boot.test.autoconfigure.webservices.client.MockWebServiceServerTestExecutionListener, org.springframework.test.context.web.ServletTestExecutionListener, org.springframework.test.context.support.DirtiesContextBeforeModesTestExecutionListener, org.springframework.test.context.event.ApplicationEventsTestExecutionListener, org.springframework.test.context.support.DependencyInjectionTestExecutionListener, org.springframework.test.context.support.DirtiesContextTestExecutionListener, org.springframework.test.context.transaction.TransactionalTestExecutionListener, org.springframework.test.context.jdbc.SqlScriptsTestExecutionListener, org.springframework.test.context.event.EventPublishingTestExecutionListener]
2021-11-21 14:40:33.599  INFO 8120 --- [main] .b.t.a.w.s.WebMvcTestContextBootstrapper : Using TestExecutionListeners: [org.springframework.test.context.web.ServletTestExecutionListener@1397b141, org.springframework.test.context.support.DirtiesContextBeforeModesTestExecutionListener@579dde54, org.springframework.test.context.event.ApplicationEventsTestExecutionListener@30b9728f, org.springframework.boot.test.mock.mockito.MockitoTestExecutionListener@6b899971, org.springframework.boot.test.autoconfigure.SpringBootDependencyInjectionTestExecutionListener@453a30f8, org.springframework.test.context.support.DirtiesContextTestExecutionListener@7cec3975, org.springframework.test.context.transaction.TransactionalTestExecutionListener@73a116d, org.springframework.test.context.jdbc.SqlScriptsTestExecutionListener@205f52ea, org.springframework.test.context.event.EventPublishingTestExecutionListener@34f60be9, org.springframework.boot.test.mock.mockito.ResetMocksTestExecutionListener@29ccab93, org.springframework.boot.test.autoconfigure.restdocs.RestDocsTestExecutionListener@7e2a76be, org.springframework.boot.test.autoconfigure.web.client.MockRestServiceServerResetTestExecutionListener@24b8a393, org.springframework.boot.test.autoconfigure.web.servlet.MockMvcPrintOnlyOnFailureTestExecutionListener@20155dae, org.springframework.boot.test.autoconfigure.web.servlet.WebDriverTestExecutionListener@6c49ea0c, org.springframework.boot.test.autoconfigure.webservices.client.MockWebServiceServerTestExecutionListener@417bfebd]
2021-11-21 14:40:33.617  INFO 8120 --- [main] c.s.a.p.c.GetMappingControllerTest       : Starting GetMappingControllerTest using Java 17 on DESKTOP-2B57NSB with PID 8120 (started by simon in C:\Users\simon\Documents\workspace-spring-tools\SafetyNet-Alerts)
2021-11-21 14:40:33.618  INFO 8120 --- [main] c.s.a.p.c.GetMappingControllerTest       : No active profile set, falling back to default profiles: default
2021-11-21 14:40:34.059  INFO 8120 --- [main] o.s.b.a.w.s.WelcomePageHandlerMapping    : Adding welcome page template: index
2021-11-21 14:40:34.155  INFO 8120 --- [main] o.s.b.t.m.w.SpringBootMockServletContext : Initializing Spring TestDispatcherServlet ''
2021-11-21 14:40:34.155  INFO 8120 --- [main] o.s.t.web.servlet.TestDispatcherServlet  : Initializing Servlet ''
2021-11-21 14:40:34.156  INFO 8120 --- [main] o.s.t.web.servlet.TestDispatcherServlet  : Completed initialization in 1 ms
2021-11-21 14:40:34.204  INFO 8120 --- [main] c.s.a.p.c.GetMappingControllerTest       : Started GetMappingControllerTest in 0.602 seconds (JVM running for 3.805)
2021-11-21 14:40:34.312  INFO 8120 --- [main] .b.t.a.w.s.WebMvcTestContextBootstrapper : Neither @ContextConfiguration nor @ContextHierarchy found for test class [com.safetynet.alerts.presentation.controller.MedicalRecordControllerTest], using SpringBootContextLoader
2021-11-21 14:40:34.312  INFO 8120 --- [main] o.s.t.c.support.AbstractContextLoader    : Could not detect default resource locations for test class [com.safetynet.alerts.presentation.controller.MedicalRecordControllerTest]: no resource found for suffixes {-context.xml, Context.groovy}.
2021-11-21 14:40:34.313  INFO 8120 --- [main] t.c.s.AnnotationConfigContextLoaderUtils : Could not detect default configuration classes for test class [com.safetynet.alerts.presentation.controller.MedicalRecordControllerTest]: MedicalRecordControllerTest does not declare any static, non-private, non-final, nested classes annotated with @Configuration.
2021-11-21 14:40:34.314  INFO 8120 --- [main] .b.t.c.SpringBootTestContextBootstrapper : Found @SpringBootConfiguration com.safetynet.alerts.SafetyNetAlertsApplication for test class com.safetynet.alerts.presentation.controller.MedicalRecordControllerTest
2021-11-21 14:40:34.314  INFO 8120 --- [main] .b.t.a.w.s.WebMvcTestContextBootstrapper : Loaded default TestExecutionListener class names from location [META-INF/spring.factories]: [org.springframework.boot.test.mock.mockito.MockitoTestExecutionListener, org.springframework.boot.test.mock.mockito.ResetMocksTestExecutionListener, org.springframework.boot.test.autoconfigure.restdocs.RestDocsTestExecutionListener, org.springframework.boot.test.autoconfigure.web.client.MockRestServiceServerResetTestExecutionListener, org.springframework.boot.test.autoconfigure.web.servlet.MockMvcPrintOnlyOnFailureTestExecutionListener, org.springframework.boot.test.autoconfigure.web.servlet.WebDriverTestExecutionListener, org.springframework.boot.test.autoconfigure.webservices.client.MockWebServiceServerTestExecutionListener, org.springframework.test.context.web.ServletTestExecutionListener, org.springframework.test.context.support.DirtiesContextBeforeModesTestExecutionListener, org.springframework.test.context.event.ApplicationEventsTestExecutionListener, org.springframework.test.context.support.DependencyInjectionTestExecutionListener, org.springframework.test.context.support.DirtiesContextTestExecutionListener, org.springframework.test.context.transaction.TransactionalTestExecutionListener, org.springframework.test.context.jdbc.SqlScriptsTestExecutionListener, org.springframework.test.context.event.EventPublishingTestExecutionListener]
2021-11-21 14:40:34.314  INFO 8120 --- [main] .b.t.a.w.s.WebMvcTestContextBootstrapper : Using TestExecutionListeners: [org.springframework.test.context.web.ServletTestExecutionListener@4c3d72fd, org.springframework.test.context.support.DirtiesContextBeforeModesTestExecutionListener@259c6ab8, org.springframework.test.context.event.ApplicationEventsTestExecutionListener@640a6d4b, org.springframework.boot.test.mock.mockito.MockitoTestExecutionListener@1238a074, org.springframework.boot.test.autoconfigure.SpringBootDependencyInjectionTestExecutionListener@35b58254, org.springframework.test.context.support.DirtiesContextTestExecutionListener@73baf7f0, org.springframework.test.context.transaction.TransactionalTestExecutionListener@446dacf9, org.springframework.test.context.jdbc.SqlScriptsTestExecutionListener@13018f00, org.springframework.test.context.event.EventPublishingTestExecutionListener@abf1816, org.springframework.boot.test.mock.mockito.ResetMocksTestExecutionListener@2e1e7bc6, org.springframework.boot.test.autoconfigure.restdocs.RestDocsTestExecutionListener@7bd1098, org.springframework.boot.test.autoconfigure.web.client.MockRestServiceServerResetTestExecutionListener@185bf6e0, org.springframework.boot.test.autoconfigure.web.servlet.MockMvcPrintOnlyOnFailureTestExecutionListener@6a562255, org.springframework.boot.test.autoconfigure.web.servlet.WebDriverTestExecutionListener@374ba492, org.springframework.boot.test.autoconfigure.webservices.client.MockWebServiceServerTestExecutionListener@581d5b33]
2021-11-21 14:40:34.329  INFO 8120 --- [main] c.s.a.p.c.MedicalRecordControllerTest    : Starting MedicalRecordControllerTest using Java 17 on DESKTOP-2B57NSB with PID 8120 (started by simon in C:\Users\simon\Documents\workspace-spring-tools\SafetyNet-Alerts)
2021-11-21 14:40:34.330  INFO 8120 --- [main] c.s.a.p.c.MedicalRecordControllerTest    : No active profile set, falling back to default profiles: default
2021-11-21 14:40:34.737  INFO 8120 --- [main] o.s.b.a.w.s.WelcomePageHandlerMapping    : Adding welcome page template: index
2021-11-21 14:40:34.830  INFO 8120 --- [main] o.s.b.t.m.w.SpringBootMockServletContext : Initializing Spring TestDispatcherServlet ''
2021-11-21 14:40:34.830  INFO 8120 --- [main] o.s.t.web.servlet.TestDispatcherServlet  : Initializing Servlet ''
2021-11-21 14:40:34.830  INFO 8120 --- [main] o.s.t.web.servlet.TestDispatcherServlet  : Completed initialization in 0 ms
2021-11-21 14:40:34.869  INFO 8120 --- [main] c.s.a.p.c.MedicalRecordControllerTest    : Started MedicalRecordControllerTest in 0.554 seconds (JVM running for 4.47)
2021-11-21 14:40:34.913  INFO 8120 --- [main] .b.t.a.w.s.WebMvcTestContextBootstrapper : Neither @ContextConfiguration nor @ContextHierarchy found for test class [com.safetynet.alerts.presentation.controller.PersonControllerTest], using SpringBootContextLoader
2021-11-21 14:40:34.913  INFO 8120 --- [main] o.s.t.c.support.AbstractContextLoader    : Could not detect default resource locations for test class [com.safetynet.alerts.presentation.controller.PersonControllerTest]: no resource found for suffixes {-context.xml, Context.groovy}.
2021-11-21 14:40:34.913  INFO 8120 --- [main] t.c.s.AnnotationConfigContextLoaderUtils : Could not detect default configuration classes for test class [com.safetynet.alerts.presentation.controller.PersonControllerTest]: PersonControllerTest does not declare any static, non-private, non-final, nested classes annotated with @Configuration.
2021-11-21 14:40:34.915  INFO 8120 --- [main] .b.t.c.SpringBootTestContextBootstrapper : Found @SpringBootConfiguration com.safetynet.alerts.SafetyNetAlertsApplication for test class com.safetynet.alerts.presentation.controller.PersonControllerTest
2021-11-21 14:40:34.915  INFO 8120 --- [main] .b.t.a.w.s.WebMvcTestContextBootstrapper : Loaded default TestExecutionListener class names from location [META-INF/spring.factories]: [org.springframework.boot.test.mock.mockito.MockitoTestExecutionListener, org.springframework.boot.test.mock.mockito.ResetMocksTestExecutionListener, org.springframework.boot.test.autoconfigure.restdocs.RestDocsTestExecutionListener, org.springframework.boot.test.autoconfigure.web.client.MockRestServiceServerResetTestExecutionListener, org.springframework.boot.test.autoconfigure.web.servlet.MockMvcPrintOnlyOnFailureTestExecutionListener, org.springframework.boot.test.autoconfigure.web.servlet.WebDriverTestExecutionListener, org.springframework.boot.test.autoconfigure.webservices.client.MockWebServiceServerTestExecutionListener, org.springframework.test.context.web.ServletTestExecutionListener, org.springframework.test.context.support.DirtiesContextBeforeModesTestExecutionListener, org.springframework.test.context.event.ApplicationEventsTestExecutionListener, org.springframework.test.context.support.DependencyInjectionTestExecutionListener, org.springframework.test.context.support.DirtiesContextTestExecutionListener, org.springframework.test.context.transaction.TransactionalTestExecutionListener, org.springframework.test.context.jdbc.SqlScriptsTestExecutionListener, org.springframework.test.context.event.EventPublishingTestExecutionListener]
2021-11-21 14:40:34.915  INFO 8120 --- [main] .b.t.a.w.s.WebMvcTestContextBootstrapper : Using TestExecutionListeners: [org.springframework.test.context.web.ServletTestExecutionListener@24d73c51, org.springframework.test.context.support.DirtiesContextBeforeModesTestExecutionListener@3b95fce9, org.springframework.test.context.event.ApplicationEventsTestExecutionListener@f26cd76, org.springframework.boot.test.mock.mockito.MockitoTestExecutionListener@78805df3, org.springframework.boot.test.autoconfigure.SpringBootDependencyInjectionTestExecutionListener@65a8c306, org.springframework.test.context.support.DirtiesContextTestExecutionListener@71ce19ee, org.springframework.test.context.transaction.TransactionalTestExecutionListener@48ba37dc, org.springframework.test.context.jdbc.SqlScriptsTestExecutionListener@322f84fd, org.springframework.test.context.event.EventPublishingTestExecutionListener@113cc14d, org.springframework.boot.test.mock.mockito.ResetMocksTestExecutionListener@10bcbbed, org.springframework.boot.test.autoconfigure.restdocs.RestDocsTestExecutionListener@9a16af1, org.springframework.boot.test.autoconfigure.web.client.MockRestServiceServerResetTestExecutionListener@47e70f54, org.springframework.boot.test.autoconfigure.web.servlet.MockMvcPrintOnlyOnFailureTestExecutionListener@30a6984c, org.springframework.boot.test.autoconfigure.web.servlet.WebDriverTestExecutionListener@45302e66, org.springframework.boot.test.autoconfigure.webservices.client.MockWebServiceServerTestExecutionListener@47c422d3]
2021-11-21 14:40:34.930  INFO 8120 --- [main] c.s.a.p.controller.PersonControllerTest  : Starting PersonControllerTest using Java 17 on DESKTOP-2B57NSB with PID 8120 (started by simon in C:\Users\simon\Documents\workspace-spring-tools\SafetyNet-Alerts)
2021-11-21 14:40:34.931  INFO 8120 --- [main] c.s.a.p.controller.PersonControllerTest  : No active profile set, falling back to default profiles: default
2021-11-21 14:40:35.308  INFO 8120 --- [main] o.s.b.a.w.s.WelcomePageHandlerMapping    : Adding welcome page template: index
2021-11-21 14:40:35.396  INFO 8120 --- [main] o.s.b.t.m.w.SpringBootMockServletContext : Initializing Spring TestDispatcherServlet ''
2021-11-21 14:40:35.396  INFO 8120 --- [main] o.s.t.web.servlet.TestDispatcherServlet  : Initializing Servlet ''
2021-11-21 14:40:35.396  INFO 8120 --- [main] o.s.t.web.servlet.TestDispatcherServlet  : Completed initialization in 0 ms
2021-11-21 14:40:35.431  INFO 8120 --- [main] c.s.a.p.controller.PersonControllerTest  : Started PersonControllerTest in 0.514 seconds (JVM running for 5.032)
2021-11-21 14:40:35.477  INFO 8120 --- [main] .b.t.c.SpringBootTestContextBootstrapper : Neither @ContextConfiguration nor @ContextHierarchy found for test class [com.safetynet.alerts.SafetyNetAlertsApplicationTests], using SpringBootContextLoader
2021-11-21 14:40:35.478  INFO 8120 --- [main] o.s.t.c.support.AbstractContextLoader    : Could not detect default resource locations for test class [com.safetynet.alerts.SafetyNetAlertsApplicationTests]: no resource found for suffixes {-context.xml, Context.groovy}.
2021-11-21 14:40:35.478  INFO 8120 --- [main] t.c.s.AnnotationConfigContextLoaderUtils : Could not detect default configuration classes for test class [com.safetynet.alerts.SafetyNetAlertsApplicationTests]: SafetyNetAlertsApplicationTests does not declare any static, non-private, non-final, nested classes annotated with @Configuration.
2021-11-21 14:40:35.481  INFO 8120 --- [main] .b.t.c.SpringBootTestContextBootstrapper : Found @SpringBootConfiguration com.safetynet.alerts.SafetyNetAlertsApplication for test class com.safetynet.alerts.SafetyNetAlertsApplicationTests
2021-11-21 14:40:35.483  INFO 8120 --- [main] .b.t.c.SpringBootTestContextBootstrapper : Loaded default TestExecutionListener class names from location [META-INF/spring.factories]: [org.springframework.boot.test.mock.mockito.MockitoTestExecutionListener, org.springframework.boot.test.mock.mockito.ResetMocksTestExecutionListener, org.springframework.boot.test.autoconfigure.restdocs.RestDocsTestExecutionListener, org.springframework.boot.test.autoconfigure.web.client.MockRestServiceServerResetTestExecutionListener, org.springframework.boot.test.autoconfigure.web.servlet.MockMvcPrintOnlyOnFailureTestExecutionListener, org.springframework.boot.test.autoconfigure.web.servlet.WebDriverTestExecutionListener, org.springframework.boot.test.autoconfigure.webservices.client.MockWebServiceServerTestExecutionListener, org.springframework.test.context.web.ServletTestExecutionListener, org.springframework.test.context.support.DirtiesContextBeforeModesTestExecutionListener, org.springframework.test.context.event.ApplicationEventsTestExecutionListener, org.springframework.test.context.support.DependencyInjectionTestExecutionListener, org.springframework.test.context.support.DirtiesContextTestExecutionListener, org.springframework.test.context.transaction.TransactionalTestExecutionListener, org.springframework.test.context.jdbc.SqlScriptsTestExecutionListener, org.springframework.test.context.event.EventPublishingTestExecutionListener]
2021-11-21 14:40:35.483  INFO 8120 --- [main] .b.t.c.SpringBootTestContextBootstrapper : Using TestExecutionListeners: [org.springframework.test.context.web.ServletTestExecutionListener@45e68fac, org.springframework.test.context.support.DirtiesContextBeforeModesTestExecutionListener@5fb0a09e, org.springframework.test.context.event.ApplicationEventsTestExecutionListener@732bb49d, org.springframework.boot.test.mock.mockito.MockitoTestExecutionListener@684eb4a0, org.springframework.boot.test.autoconfigure.SpringBootDependencyInjectionTestExecutionListener@19a4cdea, org.springframework.test.context.support.DirtiesContextTestExecutionListener@434a2a10, org.springframework.test.context.transaction.TransactionalTestExecutionListener@6debf1b8, org.springframework.test.context.jdbc.SqlScriptsTestExecutionListener@701da311, org.springframework.test.context.event.EventPublishingTestExecutionListener@4fe9fb65, org.springframework.boot.test.mock.mockito.ResetMocksTestExecutionListener@5de14222, org.springframework.boot.test.autoconfigure.restdocs.RestDocsTestExecutionListener@6fb51e17, org.springframework.boot.test.autoconfigure.web.client.MockRestServiceServerResetTestExecutionListener@722d3ddb, org.springframework.boot.test.autoconfigure.web.servlet.MockMvcPrintOnlyOnFailureTestExecutionListener@721fc228, org.springframework.boot.test.autoconfigure.web.servlet.WebDriverTestExecutionListener@25b87e1b, org.springframework.boot.test.autoconfigure.webservices.client.MockWebServiceServerTestExecutionListener@623a891d]
2021-11-21 14:40:35.496  INFO 8120 --- [main] c.s.a.SafetyNetAlertsApplicationTests    : Starting SafetyNetAlertsApplicationTests using Java 17 on DESKTOP-2B57NSB with PID 8120 (started by simon in C:\Users\simon\Documents\workspace-spring-tools\SafetyNet-Alerts)
2021-11-21 14:40:35.497  INFO 8120 --- [main] c.s.a.SafetyNetAlertsApplicationTests    : No active profile set, falling back to default profiles: default
2021-11-21 14:40:36.425  INFO 8120 --- [main] o.s.b.a.e.web.EndpointLinksResolver      : Exposing 4 endpoint(s) beneath base path '/actuator'
2021-11-21 14:40:36.637  INFO 8120 --- [main] o.s.b.a.w.s.WelcomePageHandlerMapping    : Adding welcome page template: index
2021-11-21 14:40:36.984  INFO 8120 --- [main] c.s.a.SafetyNetAlertsApplicationTests    : Started SafetyNetAlertsApplicationTests in 1.5 seconds (JVM running for 6.586)
2021-11-21 14:44:43.716  INFO 33584 --- [main] c.s.a.p.c.FirestationControllerTest      : Starting FirestationControllerTest using Java 17 on DESKTOP-2B57NSB with PID 33584 (started by simon in C:\Users\simon\Documents\workspace-spring-tools\SafetyNet-Alerts)
2021-11-21 14:44:43.717  INFO 33584 --- [main] c.s.a.p.c.FirestationControllerTest      : No active profile set, falling back to default profiles: default
2021-11-21 14:44:44.916  INFO 33584 --- [main] o.s.b.a.w.s.WelcomePageHandlerMapping    : Adding welcome page template: index
2021-11-21 14:44:45.112  INFO 33584 --- [main] o.s.b.t.m.w.SpringBootMockServletContext : Initializing Spring TestDispatcherServlet ''
2021-11-21 14:44:45.112  INFO 33584 --- [main] o.s.t.web.servlet.TestDispatcherServlet  : Initializing Servlet ''
2021-11-21 14:44:45.113  INFO 33584 --- [main] o.s.t.web.servlet.TestDispatcherServlet  : Completed initialization in 1 ms
2021-11-21 14:44:45.290  INFO 33584 --- [main] c.s.a.p.c.FirestationControllerTest      : Started FirestationControllerTest in 1.841 seconds (JVM running for 3.081)
2021-11-21 14:44:45.429  INFO 33584 --- [main] .b.t.a.w.s.WebMvcTestContextBootstrapper : Neither @ContextConfiguration nor @ContextHierarchy found for test class [com.safetynet.alerts.presentation.controller.GetMappingControllerTest], using SpringBootContextLoader
2021-11-21 14:44:45.430  INFO 33584 --- [main] o.s.t.c.support.AbstractContextLoader    : Could not detect default resource locations for test class [com.safetynet.alerts.presentation.controller.GetMappingControllerTest]: no resource found for suffixes {-context.xml, Context.groovy}.
2021-11-21 14:44:45.430  INFO 33584 --- [main] t.c.s.AnnotationConfigContextLoaderUtils : Could not detect default configuration classes for test class [com.safetynet.alerts.presentation.controller.GetMappingControllerTest]: GetMappingControllerTest does not declare any static, non-private, non-final, nested classes annotated with @Configuration.
2021-11-21 14:44:45.432  INFO 33584 --- [main] .b.t.c.SpringBootTestContextBootstrapper : Found @SpringBootConfiguration com.safetynet.alerts.SafetyNetAlertsApplication for test class com.safetynet.alerts.presentation.controller.GetMappingControllerTest
2021-11-21 14:44:45.432  INFO 33584 --- [main] .b.t.a.w.s.WebMvcTestContextBootstrapper : Loaded default TestExecutionListener class names from location [META-INF/spring.factories]: [org.springframework.boot.test.mock.mockito.MockitoTestExecutionListener, org.springframework.boot.test.mock.mockito.ResetMocksTestExecutionListener, org.springframework.boot.test.autoconfigure.restdocs.RestDocsTestExecutionListener, org.springframework.boot.test.autoconfigure.web.client.MockRestServiceServerResetTestExecutionListener, org.springframework.boot.test.autoconfigure.web.servlet.MockMvcPrintOnlyOnFailureTestExecutionListener, org.springframework.boot.test.autoconfigure.web.servlet.WebDriverTestExecutionListener, org.springframework.boot.test.autoconfigure.webservices.client.MockWebServiceServerTestExecutionListener, org.springframework.test.context.web.ServletTestExecutionListener, org.springframework.test.context.support.DirtiesContextBeforeModesTestExecutionListener, org.springframework.test.context.event.ApplicationEventsTestExecutionListener, org.springframework.test.context.support.DependencyInjectionTestExecutionListener, org.springframework.test.context.support.DirtiesContextTestExecutionListener, org.springframework.test.context.transaction.TransactionalTestExecutionListener, org.springframework.test.context.jdbc.SqlScriptsTestExecutionListener, org.springframework.test.context.event.EventPublishingTestExecutionListener]
2021-11-21 14:44:45.432  INFO 33584 --- [main] .b.t.a.w.s.WebMvcTestContextBootstrapper : Using TestExecutionListeners: [org.springframework.test.context.web.ServletTestExecutionListener@1c98fe6f, org.springframework.test.context.support.DirtiesContextBeforeModesTestExecutionListener@1397b141, org.springframework.test.context.event.ApplicationEventsTestExecutionListener@579dde54, org.springframework.boot.test.mock.mockito.MockitoTestExecutionListener@30b9728f, org.springframework.boot.test.autoconfigure.SpringBootDependencyInjectionTestExecutionListener@6b899971, org.springframework.test.context.support.DirtiesContextTestExecutionListener@453a30f8, org.springframework.test.context.transaction.TransactionalTestExecutionListener@7cec3975, org.springframework.test.context.jdbc.SqlScriptsTestExecutionListener@73a116d, org.springframework.test.context.event.EventPublishingTestExecutionListener@205f52ea, org.springframework.boot.test.mock.mockito.ResetMocksTestExecutionListener@34f60be9, org.springframework.boot.test.autoconfigure.restdocs.RestDocsTestExecutionListener@29ccab93, org.springframework.boot.test.autoconfigure.web.client.MockRestServiceServerResetTestExecutionListener@7e2a76be, org.springframework.boot.test.autoconfigure.web.servlet.MockMvcPrintOnlyOnFailureTestExecutionListener@24b8a393, org.springframework.boot.test.autoconfigure.web.servlet.WebDriverTestExecutionListener@20155dae, org.springframework.boot.test.autoconfigure.webservices.client.MockWebServiceServerTestExecutionListener@6c49ea0c]
2021-11-21 14:44:45.451  INFO 33584 --- [main] c.s.a.p.c.GetMappingControllerTest       : Starting GetMappingControllerTest using Java 17 on DESKTOP-2B57NSB with PID 33584 (started by simon in C:\Users\simon\Documents\workspace-spring-tools\SafetyNet-Alerts)
2021-11-21 14:44:45.451  INFO 33584 --- [main] c.s.a.p.c.GetMappingControllerTest       : No active profile set, falling back to default profiles: default
2021-11-21 14:44:45.904  INFO 33584 --- [main] o.s.b.a.w.s.WelcomePageHandlerMapping    : Adding welcome page template: index
2021-11-21 14:44:46.007  INFO 33584 --- [main] o.s.b.t.m.w.SpringBootMockServletContext : Initializing Spring TestDispatcherServlet ''
2021-11-21 14:44:46.007  INFO 33584 --- [main] o.s.t.web.servlet.TestDispatcherServlet  : Initializing Servlet ''
2021-11-21 14:44:46.007  INFO 33584 --- [main] o.s.t.web.servlet.TestDispatcherServlet  : Completed initialization in 0 ms
2021-11-21 14:44:46.055  INFO 33584 --- [main] c.s.a.p.c.GetMappingControllerTest       : Started GetMappingControllerTest in 0.621 seconds (JVM running for 3.847)
2021-11-21 14:44:46.164  INFO 33584 --- [main] .b.t.a.w.s.WebMvcTestContextBootstrapper : Neither @ContextConfiguration nor @ContextHierarchy found for test class [com.safetynet.alerts.presentation.controller.MedicalRecordControllerTest], using SpringBootContextLoader
2021-11-21 14:44:46.165  INFO 33584 --- [main] o.s.t.c.support.AbstractContextLoader    : Could not detect default resource locations for test class [com.safetynet.alerts.presentation.controller.MedicalRecordControllerTest]: no resource found for suffixes {-context.xml, Context.groovy}.
2021-11-21 14:44:46.165  INFO 33584 --- [main] t.c.s.AnnotationConfigContextLoaderUtils : Could not detect default configuration classes for test class [com.safetynet.alerts.presentation.controller.MedicalRecordControllerTest]: MedicalRecordControllerTest does not declare any static, non-private, non-final, nested classes annotated with @Configuration.
2021-11-21 14:44:46.166  INFO 33584 --- [main] .b.t.c.SpringBootTestContextBootstrapper : Found @SpringBootConfiguration com.safetynet.alerts.SafetyNetAlertsApplication for test class com.safetynet.alerts.presentation.controller.MedicalRecordControllerTest
2021-11-21 14:44:46.167  INFO 33584 --- [main] .b.t.a.w.s.WebMvcTestContextBootstrapper : Loaded default TestExecutionListener class names from location [META-INF/spring.factories]: [org.springframework.boot.test.mock.mockito.MockitoTestExecutionListener, org.springframework.boot.test.mock.mockito.ResetMocksTestExecutionListener, org.springframework.boot.test.autoconfigure.restdocs.RestDocsTestExecutionListener, org.springframework.boot.test.autoconfigure.web.client.MockRestServiceServerResetTestExecutionListener, org.springframework.boot.test.autoconfigure.web.servlet.MockMvcPrintOnlyOnFailureTestExecutionListener, org.springframework.boot.test.autoconfigure.web.servlet.WebDriverTestExecutionListener, org.springframework.boot.test.autoconfigure.webservices.client.MockWebServiceServerTestExecutionListener, org.springframework.test.context.web.ServletTestExecutionListener, org.springframework.test.context.support.DirtiesContextBeforeModesTestExecutionListener, org.springframework.test.context.event.ApplicationEventsTestExecutionListener, org.springframework.test.context.support.DependencyInjectionTestExecutionListener, org.springframework.test.context.support.DirtiesContextTestExecutionListener, org.springframework.test.context.transaction.TransactionalTestExecutionListener, org.springframework.test.context.jdbc.SqlScriptsTestExecutionListener, org.springframework.test.context.event.EventPublishingTestExecutionListener]
2021-11-21 14:44:46.167  INFO 33584 --- [main] .b.t.a.w.s.WebMvcTestContextBootstrapper : Using TestExecutionListeners: [org.springframework.test.context.web.ServletTestExecutionListener@182dcd2b, org.springframework.test.context.support.DirtiesContextBeforeModesTestExecutionListener@4c3d72fd, org.springframework.test.context.event.ApplicationEventsTestExecutionListener@259c6ab8, org.springframework.boot.test.mock.mockito.MockitoTestExecutionListener@640a6d4b, org.springframework.boot.test.autoconfigure.SpringBootDependencyInjectionTestExecutionListener@1238a074, org.springframework.test.context.support.DirtiesContextTestExecutionListener@35b58254, org.springframework.test.context.transaction.TransactionalTestExecutionListener@73baf7f0, org.springframework.test.context.jdbc.SqlScriptsTestExecutionListener@446dacf9, org.springframework.test.context.event.EventPublishingTestExecutionListener@13018f00, org.springframework.boot.test.mock.mockito.ResetMocksTestExecutionListener@abf1816, org.springframework.boot.test.autoconfigure.restdocs.RestDocsTestExecutionListener@2e1e7bc6, org.springframework.boot.test.autoconfigure.web.client.MockRestServiceServerResetTestExecutionListener@7bd1098, org.springframework.boot.test.autoconfigure.web.servlet.MockMvcPrintOnlyOnFailureTestExecutionListener@185bf6e0, org.springframework.boot.test.autoconfigure.web.servlet.WebDriverTestExecutionListener@6a562255, org.springframework.boot.test.autoconfigure.webservices.client.MockWebServiceServerTestExecutionListener@374ba492]
2021-11-21 14:44:46.183  INFO 33584 --- [main] c.s.a.p.c.MedicalRecordControllerTest    : Starting MedicalRecordControllerTest using Java 17 on DESKTOP-2B57NSB with PID 33584 (started by simon in C:\Users\simon\Documents\workspace-spring-tools\SafetyNet-Alerts)
2021-11-21 14:44:46.183  INFO 33584 --- [main] c.s.a.p.c.MedicalRecordControllerTest    : No active profile set, falling back to default profiles: default
2021-11-21 14:44:46.581  INFO 33584 --- [main] o.s.b.a.w.s.WelcomePageHandlerMapping    : Adding welcome page template: index
2021-11-21 14:44:46.674  INFO 33584 --- [main] o.s.b.t.m.w.SpringBootMockServletContext : Initializing Spring TestDispatcherServlet ''
2021-11-21 14:44:46.674  INFO 33584 --- [main] o.s.t.web.servlet.TestDispatcherServlet  : Initializing Servlet ''
2021-11-21 14:44:46.674  INFO 33584 --- [main] o.s.t.web.servlet.TestDispatcherServlet  : Completed initialization in 0 ms
2021-11-21 14:44:46.712  INFO 33584 --- [main] c.s.a.p.c.MedicalRecordControllerTest    : Started MedicalRecordControllerTest in 0.544 seconds (JVM running for 4.505)
2021-11-21 14:44:46.754  INFO 33584 --- [main] .b.t.a.w.s.WebMvcTestContextBootstrapper : Neither @ContextConfiguration nor @ContextHierarchy found for test class [com.safetynet.alerts.presentation.controller.PersonControllerTest], using SpringBootContextLoader
2021-11-21 14:44:46.754  INFO 33584 --- [main] o.s.t.c.support.AbstractContextLoader    : Could not detect default resource locations for test class [com.safetynet.alerts.presentation.controller.PersonControllerTest]: no resource found for suffixes {-context.xml, Context.groovy}.
2021-11-21 14:44:46.754  INFO 33584 --- [main] t.c.s.AnnotationConfigContextLoaderUtils : Could not detect default configuration classes for test class [com.safetynet.alerts.presentation.controller.PersonControllerTest]: PersonControllerTest does not declare any static, non-private, non-final, nested classes annotated with @Configuration.
2021-11-21 14:44:46.755  INFO 33584 --- [main] .b.t.c.SpringBootTestContextBootstrapper : Found @SpringBootConfiguration com.safetynet.alerts.SafetyNetAlertsApplication for test class com.safetynet.alerts.presentation.controller.PersonControllerTest
2021-11-21 14:44:46.756  INFO 33584 --- [main] .b.t.a.w.s.WebMvcTestContextBootstrapper : Loaded default TestExecutionListener class names from location [META-INF/spring.factories]: [org.springframework.boot.test.mock.mockito.MockitoTestExecutionListener, org.springframework.boot.test.mock.mockito.ResetMocksTestExecutionListener, org.springframework.boot.test.autoconfigure.restdocs.RestDocsTestExecutionListener, org.springframework.boot.test.autoconfigure.web.client.MockRestServiceServerResetTestExecutionListener, org.springframework.boot.test.autoconfigure.web.servlet.MockMvcPrintOnlyOnFailureTestExecutionListener, org.springframework.boot.test.autoconfigure.web.servlet.WebDriverTestExecutionListener, org.springframework.boot.test.autoconfigure.webservices.client.MockWebServiceServerTestExecutionListener, org.springframework.test.context.web.ServletTestExecutionListener, org.springframework.test.context.support.DirtiesContextBeforeModesTestExecutionListener, org.springframework.test.context.event.ApplicationEventsTestExecutionListener, org.springframework.test.context.support.DependencyInjectionTestExecutionListener, org.springframework.test.context.support.DirtiesContextTestExecutionListener, org.springframework.test.context.transaction.TransactionalTestExecutionListener, org.springframework.test.context.jdbc.SqlScriptsTestExecutionListener, org.springframework.test.context.event.EventPublishingTestExecutionListener]
2021-11-21 14:44:46.756  INFO 33584 --- [main] .b.t.a.w.s.WebMvcTestContextBootstrapper : Using TestExecutionListeners: [org.springframework.test.context.web.ServletTestExecutionListener@5114c8a1, org.springframework.test.context.support.DirtiesContextBeforeModesTestExecutionListener@24d73c51, org.springframework.test.context.event.ApplicationEventsTestExecutionListener@3b95fce9, org.springframework.boot.test.mock.mockito.MockitoTestExecutionListener@f26cd76, org.springframework.boot.test.autoconfigure.SpringBootDependencyInjectionTestExecutionListener@78805df3, org.springframework.test.context.support.DirtiesContextTestExecutionListener@65a8c306, org.springframework.test.context.transaction.TransactionalTestExecutionListener@71ce19ee, org.springframework.test.context.jdbc.SqlScriptsTestExecutionListener@48ba37dc, org.springframework.test.context.event.EventPublishingTestExecutionListener@322f84fd, org.springframework.boot.test.mock.mockito.ResetMocksTestExecutionListener@113cc14d, org.springframework.boot.test.autoconfigure.restdocs.RestDocsTestExecutionListener@10bcbbed, org.springframework.boot.test.autoconfigure.web.client.MockRestServiceServerResetTestExecutionListener@9a16af1, org.springframework.boot.test.autoconfigure.web.servlet.MockMvcPrintOnlyOnFailureTestExecutionListener@47e70f54, org.springframework.boot.test.autoconfigure.web.servlet.WebDriverTestExecutionListener@30a6984c, org.springframework.boot.test.autoconfigure.webservices.client.MockWebServiceServerTestExecutionListener@45302e66]
2021-11-21 14:44:46.769  INFO 33584 --- [main] c.s.a.p.controller.PersonControllerTest  : Starting PersonControllerTest using Java 17 on DESKTOP-2B57NSB with PID 33584 (started by simon in C:\Users\simon\Documents\workspace-spring-tools\SafetyNet-Alerts)
2021-11-21 14:44:46.770  INFO 33584 --- [main] c.s.a.p.controller.PersonControllerTest  : No active profile set, falling back to default profiles: default
2021-11-21 14:44:47.144  INFO 33584 --- [main] o.s.b.a.w.s.WelcomePageHandlerMapping    : Adding welcome page template: index
2021-11-21 14:44:47.243  INFO 33584 --- [main] o.s.b.t.m.w.SpringBootMockServletContext : Initializing Spring TestDispatcherServlet ''
2021-11-21 14:44:47.243  INFO 33584 --- [main] o.s.t.web.servlet.TestDispatcherServlet  : Initializing Servlet ''
2021-11-21 14:44:47.243  INFO 33584 --- [main] o.s.t.web.servlet.TestDispatcherServlet  : Completed initialization in 0 ms
2021-11-21 14:44:47.277  INFO 33584 --- [main] c.s.a.p.controller.PersonControllerTest  : Started PersonControllerTest in 0.52 seconds (JVM running for 5.069)
2021-11-21 14:44:47.322  INFO 33584 --- [main] .b.t.c.SpringBootTestContextBootstrapper : Neither @ContextConfiguration nor @ContextHierarchy found for test class [com.safetynet.alerts.SafetyNetAlertsApplicationTests], using SpringBootContextLoader
2021-11-21 14:44:47.322  INFO 33584 --- [main] o.s.t.c.support.AbstractContextLoader    : Could not detect default resource locations for test class [com.safetynet.alerts.SafetyNetAlertsApplicationTests]: no resource found for suffixes {-context.xml, Context.groovy}.
2021-11-21 14:44:47.323  INFO 33584 --- [main] t.c.s.AnnotationConfigContextLoaderUtils : Could not detect default configuration classes for test class [com.safetynet.alerts.SafetyNetAlertsApplicationTests]: SafetyNetAlertsApplicationTests does not declare any static, non-private, non-final, nested classes annotated with @Configuration.
2021-11-21 14:44:47.325  INFO 33584 --- [main] .b.t.c.SpringBootTestContextBootstrapper : Found @SpringBootConfiguration com.safetynet.alerts.SafetyNetAlertsApplication for test class com.safetynet.alerts.SafetyNetAlertsApplicationTests
2021-11-21 14:44:47.328  INFO 33584 --- [main] .b.t.c.SpringBootTestContextBootstrapper : Loaded default TestExecutionListener class names from location [META-INF/spring.factories]: [org.springframework.boot.test.mock.mockito.MockitoTestExecutionListener, org.springframework.boot.test.mock.mockito.ResetMocksTestExecutionListener, org.springframework.boot.test.autoconfigure.restdocs.RestDocsTestExecutionListener, org.springframework.boot.test.autoconfigure.web.client.MockRestServiceServerResetTestExecutionListener, org.springframework.boot.test.autoconfigure.web.servlet.MockMvcPrintOnlyOnFailureTestExecutionListener, org.springframework.boot.test.autoconfigure.web.servlet.WebDriverTestExecutionListener, org.springframework.boot.test.autoconfigure.webservices.client.MockWebServiceServerTestExecutionListener, org.springframework.test.context.web.ServletTestExecutionListener, org.springframework.test.context.support.DirtiesContextBeforeModesTestExecutionListener, org.springframework.test.context.event.ApplicationEventsTestExecutionListener, org.springframework.test.context.support.DependencyInjectionTestExecutionListener, org.springframework.test.context.support.DirtiesContextTestExecutionListener, org.springframework.test.context.transaction.TransactionalTestExecutionListener, org.springframework.test.context.jdbc.SqlScriptsTestExecutionListener, org.springframework.test.context.event.EventPublishingTestExecutionListener]
2021-11-21 14:44:47.328  INFO 33584 --- [main] .b.t.c.SpringBootTestContextBootstrapper : Using TestExecutionListeners: [org.springframework.test.context.web.ServletTestExecutionListener@62ff3028, org.springframework.test.context.support.DirtiesContextBeforeModesTestExecutionListener@45e68fac, org.springframework.test.context.event.ApplicationEventsTestExecutionListener@5fb0a09e, org.springframework.boot.test.mock.mockito.MockitoTestExecutionListener@732bb49d, org.springframework.boot.test.autoconfigure.SpringBootDependencyInjectionTestExecutionListener@684eb4a0, org.springframework.test.context.support.DirtiesContextTestExecutionListener@19a4cdea, org.springframework.test.context.transaction.TransactionalTestExecutionListener@434a2a10, org.springframework.test.context.jdbc.SqlScriptsTestExecutionListener@6debf1b8, org.springframework.test.context.event.EventPublishingTestExecutionListener@701da311, org.springframework.boot.test.mock.mockito.ResetMocksTestExecutionListener@4fe9fb65, org.springframework.boot.test.autoconfigure.restdocs.RestDocsTestExecutionListener@5de14222, org.springframework.boot.test.autoconfigure.web.client.MockRestServiceServerResetTestExecutionListener@6fb51e17, org.springframework.boot.test.autoconfigure.web.servlet.MockMvcPrintOnlyOnFailureTestExecutionListener@722d3ddb, org.springframework.boot.test.autoconfigure.web.servlet.WebDriverTestExecutionListener@721fc228, org.springframework.boot.test.autoconfigure.webservices.client.MockWebServiceServerTestExecutionListener@25b87e1b]
2021-11-21 14:44:47.342  INFO 33584 --- [main] c.s.a.SafetyNetAlertsApplicationTests    : Starting SafetyNetAlertsApplicationTests using Java 17 on DESKTOP-2B57NSB with PID 33584 (started by simon in C:\Users\simon\Documents\workspace-spring-tools\SafetyNet-Alerts)
2021-11-21 14:44:47.342  INFO 33584 --- [main] c.s.a.SafetyNetAlertsApplicationTests    : No active profile set, falling back to default profiles: default
2021-11-21 14:44:48.298  INFO 33584 --- [main] o.s.b.a.e.web.EndpointLinksResolver      : Exposing 4 endpoint(s) beneath base path '/actuator'
2021-11-21 14:44:48.490  INFO 33584 --- [main] o.s.b.a.w.s.WelcomePageHandlerMapping    : Adding welcome page template: index
2021-11-21 14:44:48.818  INFO 33584 --- [main] c.s.a.SafetyNetAlertsApplicationTests    : Started SafetyNetAlertsApplicationTests in 1.489 seconds (JVM running for 6.611)
2021-11-21 14:54:16.245  INFO 41204 --- [main] c.s.a.p.c.FirestationControllerTest      : Starting FirestationControllerTest using Java 17 on DESKTOP-2B57NSB with PID 41204 (started by simon in C:\Users\simon\Documents\workspace-spring-tools\SafetyNet-Alerts)
2021-11-21 14:54:16.247  INFO 41204 --- [main] c.s.a.p.c.FirestationControllerTest      : No active profile set, falling back to default profiles: default
2021-11-21 14:54:17.405  INFO 41204 --- [main] o.s.b.a.w.s.WelcomePageHandlerMapping    : Adding welcome page template: index
2021-11-21 14:54:17.624  INFO 41204 --- [main] o.s.b.t.m.w.SpringBootMockServletContext : Initializing Spring TestDispatcherServlet ''
2021-11-21 14:54:17.625  INFO 41204 --- [main] o.s.t.web.servlet.TestDispatcherServlet  : Initializing Servlet ''
2021-11-21 14:54:17.627  INFO 41204 --- [main] o.s.t.web.servlet.TestDispatcherServlet  : Completed initialization in 2 ms
2021-11-21 14:54:17.817  INFO 41204 --- [main] c.s.a.p.c.FirestationControllerTest      : Started FirestationControllerTest in 1.838 seconds (JVM running for 3.092)
2021-11-21 14:54:17.957  INFO 41204 --- [main] .b.t.a.w.s.WebMvcTestContextBootstrapper : Neither @ContextConfiguration nor @ContextHierarchy found for test class [com.safetynet.alerts.presentation.controller.GetMappingControllerTest], using SpringBootContextLoader
2021-11-21 14:54:17.957  INFO 41204 --- [main] o.s.t.c.support.AbstractContextLoader    : Could not detect default resource locations for test class [com.safetynet.alerts.presentation.controller.GetMappingControllerTest]: no resource found for suffixes {-context.xml, Context.groovy}.
2021-11-21 14:54:17.957  INFO 41204 --- [main] t.c.s.AnnotationConfigContextLoaderUtils : Could not detect default configuration classes for test class [com.safetynet.alerts.presentation.controller.GetMappingControllerTest]: GetMappingControllerTest does not declare any static, non-private, non-final, nested classes annotated with @Configuration.
2021-11-21 14:54:17.959  INFO 41204 --- [main] .b.t.c.SpringBootTestContextBootstrapper : Found @SpringBootConfiguration com.safetynet.alerts.SafetyNetAlertsApplication for test class com.safetynet.alerts.presentation.controller.GetMappingControllerTest
2021-11-21 14:54:17.960  INFO 41204 --- [main] .b.t.a.w.s.WebMvcTestContextBootstrapper : Loaded default TestExecutionListener class names from location [META-INF/spring.factories]: [org.springframework.boot.test.mock.mockito.MockitoTestExecutionListener, org.springframework.boot.test.mock.mockito.ResetMocksTestExecutionListener, org.springframework.boot.test.autoconfigure.restdocs.RestDocsTestExecutionListener, org.springframework.boot.test.autoconfigure.web.client.MockRestServiceServerResetTestExecutionListener, org.springframework.boot.test.autoconfigure.web.servlet.MockMvcPrintOnlyOnFailureTestExecutionListener, org.springframework.boot.test.autoconfigure.web.servlet.WebDriverTestExecutionListener, org.springframework.boot.test.autoconfigure.webservices.client.MockWebServiceServerTestExecutionListener, org.springframework.test.context.web.ServletTestExecutionListener, org.springframework.test.context.support.DirtiesContextBeforeModesTestExecutionListener, org.springframework.test.context.event.ApplicationEventsTestExecutionListener, org.springframework.test.context.support.DependencyInjectionTestExecutionListener, org.springframework.test.context.support.DirtiesContextTestExecutionListener, org.springframework.test.context.transaction.TransactionalTestExecutionListener, org.springframework.test.context.jdbc.SqlScriptsTestExecutionListener, org.springframework.test.context.event.EventPublishingTestExecutionListener]
2021-11-21 14:54:17.960  INFO 41204 --- [main] .b.t.a.w.s.WebMvcTestContextBootstrapper : Using TestExecutionListeners: [org.springframework.test.context.web.ServletTestExecutionListener@771d4db, org.springframework.test.context.support.DirtiesContextBeforeModesTestExecutionListener@2d88c1bf, org.springframework.test.context.event.ApplicationEventsTestExecutionListener@3636f2a7, org.springframework.boot.test.mock.mockito.MockitoTestExecutionListener@34652065, org.springframework.boot.test.autoconfigure.SpringBootDependencyInjectionTestExecutionListener@3dbbed3e, org.springframework.test.context.support.DirtiesContextTestExecutionListener@56d5460f, org.springframework.test.context.transaction.TransactionalTestExecutionListener@57f725b8, org.springframework.test.context.jdbc.SqlScriptsTestExecutionListener@4a0c512b, org.springframework.test.context.event.EventPublishingTestExecutionListener@28bc9749, org.springframework.boot.test.mock.mockito.ResetMocksTestExecutionListener@54a5496f, org.springframework.boot.test.autoconfigure.restdocs.RestDocsTestExecutionListener@3a116ca6, org.springframework.boot.test.autoconfigure.web.client.MockRestServiceServerResetTestExecutionListener@12bcf7c6, org.springframework.boot.test.autoconfigure.web.servlet.MockMvcPrintOnlyOnFailureTestExecutionListener@5e763c07, org.springframework.boot.test.autoconfigure.web.servlet.WebDriverTestExecutionListener@2066e897, org.springframework.boot.test.autoconfigure.webservices.client.MockWebServiceServerTestExecutionListener@1123d461]
2021-11-21 14:54:17.978  INFO 41204 --- [main] c.s.a.p.c.GetMappingControllerTest       : Starting GetMappingControllerTest using Java 17 on DESKTOP-2B57NSB with PID 41204 (started by simon in C:\Users\simon\Documents\workspace-spring-tools\SafetyNet-Alerts)
2021-11-21 14:54:17.979  INFO 41204 --- [main] c.s.a.p.c.GetMappingControllerTest       : No active profile set, falling back to default profiles: default
2021-11-21 14:54:18.434  INFO 41204 --- [main] o.s.b.a.w.s.WelcomePageHandlerMapping    : Adding welcome page template: index
2021-11-21 14:54:18.532  INFO 41204 --- [main] o.s.b.t.m.w.SpringBootMockServletContext : Initializing Spring TestDispatcherServlet ''
2021-11-21 14:54:18.532  INFO 41204 --- [main] o.s.t.web.servlet.TestDispatcherServlet  : Initializing Servlet ''
2021-11-21 14:54:18.533  INFO 41204 --- [main] o.s.t.web.servlet.TestDispatcherServlet  : Completed initialization in 1 ms
2021-11-21 14:54:18.581  INFO 41204 --- [main] c.s.a.p.c.GetMappingControllerTest       : Started GetMappingControllerTest in 0.619 seconds (JVM running for 3.855)
2021-11-21 14:54:18.702  INFO 41204 --- [main] .b.t.a.w.s.WebMvcTestContextBootstrapper : Neither @ContextConfiguration nor @ContextHierarchy found for test class [com.safetynet.alerts.presentation.controller.MedicalRecordControllerTest], using SpringBootContextLoader
2021-11-21 14:54:18.702  INFO 41204 --- [main] o.s.t.c.support.AbstractContextLoader    : Could not detect default resource locations for test class [com.safetynet.alerts.presentation.controller.MedicalRecordControllerTest]: no resource found for suffixes {-context.xml, Context.groovy}.
2021-11-21 14:54:18.703  INFO 41204 --- [main] t.c.s.AnnotationConfigContextLoaderUtils : Could not detect default configuration classes for test class [com.safetynet.alerts.presentation.controller.MedicalRecordControllerTest]: MedicalRecordControllerTest does not declare any static, non-private, non-final, nested classes annotated with @Configuration.
2021-11-21 14:54:18.705  INFO 41204 --- [main] .b.t.c.SpringBootTestContextBootstrapper : Found @SpringBootConfiguration com.safetynet.alerts.SafetyNetAlertsApplication for test class com.safetynet.alerts.presentation.controller.MedicalRecordControllerTest
2021-11-21 14:54:18.705  INFO 41204 --- [main] .b.t.a.w.s.WebMvcTestContextBootstrapper : Loaded default TestExecutionListener class names from location [META-INF/spring.factories]: [org.springframework.boot.test.mock.mockito.MockitoTestExecutionListener, org.springframework.boot.test.mock.mockito.ResetMocksTestExecutionListener, org.springframework.boot.test.autoconfigure.restdocs.RestDocsTestExecutionListener, org.springframework.boot.test.autoconfigure.web.client.MockRestServiceServerResetTestExecutionListener, org.springframework.boot.test.autoconfigure.web.servlet.MockMvcPrintOnlyOnFailureTestExecutionListener, org.springframework.boot.test.autoconfigure.web.servlet.WebDriverTestExecutionListener, org.springframework.boot.test.autoconfigure.webservices.client.MockWebServiceServerTestExecutionListener, org.springframework.test.context.web.ServletTestExecutionListener, org.springframework.test.context.support.DirtiesContextBeforeModesTestExecutionListener, org.springframework.test.context.event.ApplicationEventsTestExecutionListener, org.springframework.test.context.support.DependencyInjectionTestExecutionListener, org.springframework.test.context.support.DirtiesContextTestExecutionListener, org.springframework.test.context.transaction.TransactionalTestExecutionListener, org.springframework.test.context.jdbc.SqlScriptsTestExecutionListener, org.springframework.test.context.event.EventPublishingTestExecutionListener]
2021-11-21 14:54:18.706  INFO 41204 --- [main] .b.t.a.w.s.WebMvcTestContextBootstrapper : Using TestExecutionListeners: [org.springframework.test.context.web.ServletTestExecutionListener@53917c92, org.springframework.test.context.support.DirtiesContextBeforeModesTestExecutionListener@1fa796a4, org.springframework.test.context.event.ApplicationEventsTestExecutionListener@68de8522, org.springframework.boot.test.mock.mockito.MockitoTestExecutionListener@8dcacf1, org.springframework.boot.test.autoconfigure.SpringBootDependencyInjectionTestExecutionListener@50f13494, org.springframework.test.context.support.DirtiesContextTestExecutionListener@73c09a98, org.springframework.test.context.transaction.TransactionalTestExecutionListener@6f2bf657, org.springframework.test.context.jdbc.SqlScriptsTestExecutionListener@27d6467, org.springframework.test.context.event.EventPublishingTestExecutionListener@5bf1b528, org.springframework.boot.test.mock.mockito.ResetMocksTestExecutionListener@2c92f094, org.springframework.boot.test.autoconfigure.restdocs.RestDocsTestExecutionListener@1c3b221f, org.springframework.boot.test.autoconfigure.web.client.MockRestServiceServerResetTestExecutionListener@750c23a3, org.springframework.boot.test.autoconfigure.web.servlet.MockMvcPrintOnlyOnFailureTestExecutionListener@238280df, org.springframework.boot.test.autoconfigure.web.servlet.WebDriverTestExecutionListener@182fd26b, org.springframework.boot.test.autoconfigure.webservices.client.MockWebServiceServerTestExecutionListener@5dc120ab]
2021-11-21 14:54:18.720  INFO 41204 --- [main] c.s.a.p.c.MedicalRecordControllerTest    : Starting MedicalRecordControllerTest using Java 17 on DESKTOP-2B57NSB with PID 41204 (started by simon in C:\Users\simon\Documents\workspace-spring-tools\SafetyNet-Alerts)
2021-11-21 14:54:18.721  INFO 41204 --- [main] c.s.a.p.c.MedicalRecordControllerTest    : No active profile set, falling back to default profiles: default
2021-11-21 14:54:19.142  INFO 41204 --- [main] o.s.b.a.w.s.WelcomePageHandlerMapping    : Adding welcome page template: index
2021-11-21 14:54:19.238  INFO 41204 --- [main] o.s.b.t.m.w.SpringBootMockServletContext : Initializing Spring TestDispatcherServlet ''
2021-11-21 14:54:19.238  INFO 41204 --- [main] o.s.t.web.servlet.TestDispatcherServlet  : Initializing Servlet ''
2021-11-21 14:54:19.239  INFO 41204 --- [main] o.s.t.web.servlet.TestDispatcherServlet  : Completed initialization in 1 ms
2021-11-21 14:54:19.277  INFO 41204 --- [main] c.s.a.p.c.MedicalRecordControllerTest    : Started MedicalRecordControllerTest in 0.569 seconds (JVM running for 4.551)
2021-11-21 14:54:19.317  INFO 41204 --- [main] .b.t.a.w.s.WebMvcTestContextBootstrapper : Neither @ContextConfiguration nor @ContextHierarchy found for test class [com.safetynet.alerts.presentation.controller.PersonControllerTest], using SpringBootContextLoader
2021-11-21 14:54:19.318  INFO 41204 --- [main] o.s.t.c.support.AbstractContextLoader    : Could not detect default resource locations for test class [com.safetynet.alerts.presentation.controller.PersonControllerTest]: no resource found for suffixes {-context.xml, Context.groovy}.
2021-11-21 14:54:19.318  INFO 41204 --- [main] t.c.s.AnnotationConfigContextLoaderUtils : Could not detect default configuration classes for test class [com.safetynet.alerts.presentation.controller.PersonControllerTest]: PersonControllerTest does not declare any static, non-private, non-final, nested classes annotated with @Configuration.
2021-11-21 14:54:19.319  INFO 41204 --- [main] .b.t.c.SpringBootTestContextBootstrapper : Found @SpringBootConfiguration com.safetynet.alerts.SafetyNetAlertsApplication for test class com.safetynet.alerts.presentation.controller.PersonControllerTest
2021-11-21 14:54:19.320  INFO 41204 --- [main] .b.t.a.w.s.WebMvcTestContextBootstrapper : Loaded default TestExecutionListener class names from location [META-INF/spring.factories]: [org.springframework.boot.test.mock.mockito.MockitoTestExecutionListener, org.springframework.boot.test.mock.mockito.ResetMocksTestExecutionListener, org.springframework.boot.test.autoconfigure.restdocs.RestDocsTestExecutionListener, org.springframework.boot.test.autoconfigure.web.client.MockRestServiceServerResetTestExecutionListener, org.springframework.boot.test.autoconfigure.web.servlet.MockMvcPrintOnlyOnFailureTestExecutionListener, org.springframework.boot.test.autoconfigure.web.servlet.WebDriverTestExecutionListener, org.springframework.boot.test.autoconfigure.webservices.client.MockWebServiceServerTestExecutionListener, org.springframework.test.context.web.ServletTestExecutionListener, org.springframework.test.context.support.DirtiesContextBeforeModesTestExecutionListener, org.springframework.test.context.event.ApplicationEventsTestExecutionListener, org.springframework.test.context.support.DependencyInjectionTestExecutionListener, org.springframework.test.context.support.DirtiesContextTestExecutionListener, org.springframework.test.context.transaction.TransactionalTestExecutionListener, org.springframework.test.context.jdbc.SqlScriptsTestExecutionListener, org.springframework.test.context.event.EventPublishingTestExecutionListener]
2021-11-21 14:54:19.320  INFO 41204 --- [main] .b.t.a.w.s.WebMvcTestContextBootstrapper : Using TestExecutionListeners: [org.springframework.test.context.web.ServletTestExecutionListener@1c512bb, org.springframework.test.context.support.DirtiesContextBeforeModesTestExecutionListener@4d142b53, org.springframework.test.context.event.ApplicationEventsTestExecutionListener@3bac86a3, org.springframework.boot.test.mock.mockito.MockitoTestExecutionListener@128ca7af, org.springframework.boot.test.autoconfigure.SpringBootDependencyInjectionTestExecutionListener@3bf52f8f, org.springframework.test.context.support.DirtiesContextTestExecutionListener@57d7c511, org.springframework.test.context.transaction.TransactionalTestExecutionListener@811d8d6, org.springframework.test.context.jdbc.SqlScriptsTestExecutionListener@7f57a7a4, org.springframework.test.context.event.EventPublishingTestExecutionListener@6dcc7696, org.springframework.boot.test.mock.mockito.ResetMocksTestExecutionListener@45ac973, org.springframework.boot.test.autoconfigure.restdocs.RestDocsTestExecutionListener@28b7646, org.springframework.boot.test.autoconfigure.web.client.MockRestServiceServerResetTestExecutionListener@40239b34, org.springframework.boot.test.autoconfigure.web.servlet.MockMvcPrintOnlyOnFailureTestExecutionListener@4e553d60, org.springframework.boot.test.autoconfigure.web.servlet.WebDriverTestExecutionListener@1c966488, org.springframework.boot.test.autoconfigure.webservices.client.MockWebServiceServerTestExecutionListener@45f6181a]
2021-11-21 14:54:19.334  INFO 41204 --- [main] c.s.a.p.controller.PersonControllerTest  : Starting PersonControllerTest using Java 17 on DESKTOP-2B57NSB with PID 41204 (started by simon in C:\Users\simon\Documents\workspace-spring-tools\SafetyNet-Alerts)
2021-11-21 14:54:19.335  INFO 41204 --- [main] c.s.a.p.controller.PersonControllerTest  : No active profile set, falling back to default profiles: default
2021-11-21 14:54:19.707  INFO 41204 --- [main] o.s.b.a.w.s.WelcomePageHandlerMapping    : Adding welcome page template: index
2021-11-21 14:54:19.808  INFO 41204 --- [main] o.s.b.t.m.w.SpringBootMockServletContext : Initializing Spring TestDispatcherServlet ''
2021-11-21 14:54:19.808  INFO 41204 --- [main] o.s.t.web.servlet.TestDispatcherServlet  : Initializing Servlet ''
2021-11-21 14:54:19.809  INFO 41204 --- [main] o.s.t.web.servlet.TestDispatcherServlet  : Completed initialization in 1 ms
2021-11-21 14:54:19.843  INFO 41204 --- [main] c.s.a.p.controller.PersonControllerTest  : Started PersonControllerTest in 0.522 seconds (JVM running for 5.117)
2021-11-21 14:54:19.893  INFO 41204 --- [main] .b.t.c.SpringBootTestContextBootstrapper : Neither @ContextConfiguration nor @ContextHierarchy found for test class [com.safetynet.alerts.SafetyNetAlertsApplicationTests], using SpringBootContextLoader
2021-11-21 14:54:19.894  INFO 41204 --- [main] o.s.t.c.support.AbstractContextLoader    : Could not detect default resource locations for test class [com.safetynet.alerts.SafetyNetAlertsApplicationTests]: no resource found for suffixes {-context.xml, Context.groovy}.
2021-11-21 14:54:19.894  INFO 41204 --- [main] t.c.s.AnnotationConfigContextLoaderUtils : Could not detect default configuration classes for test class [com.safetynet.alerts.SafetyNetAlertsApplicationTests]: SafetyNetAlertsApplicationTests does not declare any static, non-private, non-final, nested classes annotated with @Configuration.
2021-11-21 14:54:19.897  INFO 41204 --- [main] .b.t.c.SpringBootTestContextBootstrapper : Found @SpringBootConfiguration com.safetynet.alerts.SafetyNetAlertsApplication for test class com.safetynet.alerts.SafetyNetAlertsApplicationTests
2021-11-21 14:54:19.899  INFO 41204 --- [main] .b.t.c.SpringBootTestContextBootstrapper : Loaded default TestExecutionListener class names from location [META-INF/spring.factories]: [org.springframework.boot.test.mock.mockito.MockitoTestExecutionListener, org.springframework.boot.test.mock.mockito.ResetMocksTestExecutionListener, org.springframework.boot.test.autoconfigure.restdocs.RestDocsTestExecutionListener, org.springframework.boot.test.autoconfigure.web.client.MockRestServiceServerResetTestExecutionListener, org.springframework.boot.test.autoconfigure.web.servlet.MockMvcPrintOnlyOnFailureTestExecutionListener, org.springframework.boot.test.autoconfigure.web.servlet.WebDriverTestExecutionListener, org.springframework.boot.test.autoconfigure.webservices.client.MockWebServiceServerTestExecutionListener, org.springframework.test.context.web.ServletTestExecutionListener, org.springframework.test.context.support.DirtiesContextBeforeModesTestExecutionListener, org.springframework.test.context.event.ApplicationEventsTestExecutionListener, org.springframework.test.context.support.DependencyInjectionTestExecutionListener, org.springframework.test.context.support.DirtiesContextTestExecutionListener, org.springframework.test.context.transaction.TransactionalTestExecutionListener, org.springframework.test.context.jdbc.SqlScriptsTestExecutionListener, org.springframework.test.context.event.EventPublishingTestExecutionListener]
2021-11-21 14:54:19.899  INFO 41204 --- [main] .b.t.c.SpringBootTestContextBootstrapper : Using TestExecutionListeners: [org.springframework.test.context.web.ServletTestExecutionListener@682482ee, org.springframework.test.context.support.DirtiesContextBeforeModesTestExecutionListener@261b27db, org.springframework.test.context.event.ApplicationEventsTestExecutionListener@175745fc, org.springframework.boot.test.mock.mockito.MockitoTestExecutionListener@2c1a0f82, org.springframework.boot.test.autoconfigure.SpringBootDependencyInjectionTestExecutionListener@60e5db1d, org.springframework.test.context.support.DirtiesContextTestExecutionListener@1f3f0d25, org.springframework.test.context.transaction.TransactionalTestExecutionListener@32eac39b, org.springframework.test.context.jdbc.SqlScriptsTestExecutionListener@4ef0bc5b, org.springframework.test.context.event.EventPublishingTestExecutionListener@83bbab, org.springframework.boot.test.mock.mockito.ResetMocksTestExecutionListener@67b2c8bb, org.springframework.boot.test.autoconfigure.restdocs.RestDocsTestExecutionListener@32029cd, org.springframework.boot.test.autoconfigure.web.client.MockRestServiceServerResetTestExecutionListener@48f95f96, org.springframework.boot.test.autoconfigure.web.servlet.MockMvcPrintOnlyOnFailureTestExecutionListener@55bafbc1, org.springframework.boot.test.autoconfigure.web.servlet.WebDriverTestExecutionListener@24bc06dd, org.springframework.boot.test.autoconfigure.webservices.client.MockWebServiceServerTestExecutionListener@26d02dc6]
2021-11-21 14:54:19.913  INFO 41204 --- [main] c.s.a.SafetyNetAlertsApplicationTests    : Starting SafetyNetAlertsApplicationTests using Java 17 on DESKTOP-2B57NSB with PID 41204 (started by simon in C:\Users\simon\Documents\workspace-spring-tools\SafetyNet-Alerts)
2021-11-21 14:54:19.913  INFO 41204 --- [main] c.s.a.SafetyNetAlertsApplicationTests    : No active profile set, falling back to default profiles: default
2021-11-21 14:54:20.839  INFO 41204 --- [main] o.s.b.a.e.web.EndpointLinksResolver      : Exposing 4 endpoint(s) beneath base path '/actuator'
2021-11-21 14:54:21.033  INFO 41204 --- [main] o.s.b.a.w.s.WelcomePageHandlerMapping    : Adding welcome page template: index
2021-11-21 14:54:21.359  INFO 41204 --- [main] c.s.a.SafetyNetAlertsApplicationTests    : Started SafetyNetAlertsApplicationTests in 1.458 seconds (JVM running for 6.633)
